2019-10-14 15:51:49.644458


Traceback (most recent call last):
  File "/home/others/shomea/m/magnublo/msc/src/empire/scrape.py", line 211, in scrape
    is_sticky, btc_rate, ltc_rate, xmr_rate, parsing_time)
  File "/home/others/shomea/m/magnublo/msc/src/empire/scrape.py", line 294, in _scrape_listing
    self._scrape_seller(seller_url, seller, is_new_seller)
  File "/home/others/shomea/m/magnublo/msc/src/empire/scrape.py", line 387, in _scrape_seller
    description = scrapingFunctions.get_seller_about_description(soup_html, seller_name)
  File "/home/others/shomea/m/magnublo/msc/src/empire/functions.py", line 251, in get_seller_about_description
    assert len(tab_content_divs) == 1
AssertionError



[scrape()]e: 


[scrape()]seconds_until_next_try: 9


[scrape()]highest_index: 7


[scrape()]nr_of_errors: 1


[scrape()]error_string: Traceback (most recent call last):
  File "/home/others/shomea/m/magnublo/msc/venv/lib/python3.6/site-packages/mysql/connector/connection_cext.py", line 472, in cmd_query
    raw_as_string=raw_as_string)
_mysql_connector.MySQLInterfaceError: Duplicate entry '5-http://empiremktxgjovhm.onion/u/DCUKConnection' for key 'session_id'

During handling of the above exception, another exception occurred:

Traceback (most recent call last):
  File "/home/others/shomea/m/magnublo/msc/venv/lib/python3.6/site-packages/sqlalchemy/engine/base.py", line 1249, in _execute_context
    cursor, statement, parameters, context
  File "/home/others/shomea/m/magnublo/msc/venv/lib/python3.6/site-packages/sqlalchemy/engine/default.py", line 552, in do_execute
    cursor.execute(statement, parameters)
  File "/home/others/shomea/m/magnublo/msc/venv/lib/python3.6/site-packages/mysql/connector/cursor_cext.py", line 266, in execute
    raw_as_string=self._raw_as_string)
  File "/home/others/shomea/m/magnublo/msc/venv/lib/python3.6/site-packages/mysql/connector/connection_cext.py", line 475, in cmd_query
    sqlstate=exc.sqlstate)
mysql.connector.errors.IntegrityError: 1062 (23000): Duplicate entry '5-http://empiremktxgjovhm.onion/u/DCUKConnection' for key 'session_id'

The above exception was the direct cause of the following exception:

Traceback (most recent call last):
  File "/home/others/shomea/m/magnublo/msc/src/empire/scrape.py", line 211, in scrape
    is_sticky, btc_rate, ltc_rate, xmr_rate, parsing_time)
  File "/home/others/shomea/m/magnublo/msc/src/empire/scrape.py", line 294, in _scrape_listing
    self._scrape_seller(seller_url, seller, is_new_seller)
  File "/home/others/shomea/m/magnublo/msc/src/empire/scrape.py", line 484, in _scrape_seller
    self.db_session.flush()
  File "/home/others/shomea/m/magnublo/msc/venv/lib/python3.6/site-packages/sqlalchemy/orm/session.py", line 2459, in flush
    self._flush(objects)
  File "/home/others/shomea/m/magnublo/msc/venv/lib/python3.6/site-packages/sqlalchemy/orm/session.py", line 2597, in _flush
    transaction.rollback(_capture_exception=True)
  File "/home/others/shomea/m/magnublo/msc/venv/lib/python3.6/site-packages/sqlalchemy/util/langhelpers.py", line 68, in __exit__
    compat.reraise(exc_type, exc_value, exc_tb)
  File "/home/others/shomea/m/magnublo/msc/venv/lib/python3.6/site-packages/sqlalchemy/util/compat.py", line 153, in reraise
    raise value
  File "/home/others/shomea/m/magnublo/msc/venv/lib/python3.6/site-packages/sqlalchemy/orm/session.py", line 2557, in _flush
    flush_context.execute()
  File "/home/others/shomea/m/magnublo/msc/venv/lib/python3.6/site-packages/sqlalchemy/orm/unitofwork.py", line 422, in execute
    rec.execute(self)
  File "/home/others/shomea/m/magnublo/msc/venv/lib/python3.6/site-packages/sqlalchemy/orm/unitofwork.py", line 589, in execute
    uow,
  File "/home/others/shomea/m/magnublo/msc/venv/lib/python3.6/site-packages/sqlalchemy/orm/persistence.py", line 245, in save_obj
    insert,
  File "/home/others/shomea/m/magnublo/msc/venv/lib/python3.6/site-packages/sqlalchemy/orm/persistence.py", line 1138, in _emit_insert_statements
    statement, params
  File "/home/others/shomea/m/magnublo/msc/venv/lib/python3.6/site-packages/sqlalchemy/engine/base.py", line 988, in execute
    return meth(self, multiparams, params)
  File "/home/others/shomea/m/magnublo/msc/venv/lib/python3.6/site-packages/sqlalchemy/sql/elements.py", line 287, in _execute_on_connection
    return connection._execute_clauseelement(self, multiparams, params)
  File "/home/others/shomea/m/magnublo/msc/venv/lib/python3.6/site-packages/sqlalchemy/engine/base.py", line 1107, in _execute_clauseelement
    distilled_params,
  File "/home/others/shomea/m/magnublo/msc/venv/lib/python3.6/site-packages/sqlalchemy/engine/base.py", line 1253, in _execute_context
    e, statement, parameters, cursor, context
  File "/home/others/shomea/m/magnublo/msc/venv/lib/python3.6/site-packages/sqlalchemy/engine/base.py", line 1473, in _handle_dbapi_exception
    util.raise_from_cause(sqlalchemy_exception, exc_info)
  File "/home/others/shomea/m/magnublo/msc/venv/lib/python3.6/site-packages/sqlalchemy/util/compat.py", line 398, in raise_from_cause
    reraise(type(exception), exception, tb=exc_tb, cause=cause)
  File "/home/others/shomea/m/magnublo/msc/venv/lib/python3.6/site-packages/sqlalchemy/util/compat.py", line 152, in reraise
    raise value.with_traceback(tb)
  File "/home/others/shomea/m/magnublo/msc/venv/lib/python3.6/site-packages/sqlalchemy/engine/base.py", line 1249, in _execute_context
    cursor, statement, parameters, context
  File "/home/others/shomea/m/magnublo/msc/venv/lib/python3.6/site-packages/sqlalchemy/engine/default.py", line 552, in do_execute
    cursor.execute(statement, parameters)
  File "/home/others/shomea/m/magnublo/msc/venv/lib/python3.6/site-packages/mysql/connector/cursor_cext.py", line 266, in execute
    raw_as_string=self._raw_as_string)
  File "/home/others/shomea/m/magnublo/msc/venv/lib/python3.6/site-packages/mysql/connector/connection_cext.py", line 475, in cmd_query
    sqlstate=exc.sqlstate)
sqlalchemy.exc.IntegrityError: (mysql.connector.errors.IntegrityError) 1062 (23000): Duplicate entry '5-http://empiremktxgjovhm.onion/u/DCUKConnection' for key 'session_id'
[SQL: INSERT INTO seller_observation (created_date, session_id, market, url, seller_id, description, disputes, orders, spendings, feedback_left, feedback_percent_positive, last_online, dream_market_successful_sales, dream_market_star_rating, wall_street_market_successful_sales, wall_street_market_star_rating, parenthesis_number, positive_feedback_received_percent, positive_1m, positive_6m, positive_12m, neutral_1m, neutral_6m, neutral_12m, negative_1m, negative_6m, negative_12m, stealth_rating, quality_rating, value_price_rating, vendor_level, trust_level) VALUES (%(created_date)s, %(session_id)s, %(market)s, %(url)s, %(seller_id)s, %(description)s, %(disputes)s, %(orders)s, %(spendings)s, %(feedback_left)s, %(feedback_percent_positive)s, %(last_online)s, %(dream_market_successful_sales)s, %(dream_market_star_rating)s, %(wall_street_market_successful_sales)s, %(wall_street_market_star_rating)s, %(parenthesis_number)s, %(positive_feedback_received_percent)s, %(positive_1m)s, %(positive_6m)s, %(positive_12m)s, %(neutral_1m)s, %(neutral_6m)s, %(neutral_12m)s, %(negative_1m)s, %(negative_6m)s, %(negative_12m)s, %(stealth_rating)s, %(quality_rating)s, %(value_price_rating)s, %(vendor_level)s, %(trust_level)s)]
[parameters: {'created_date': datetime.datetime(2019, 10, 14, 13, 51, 1, 790058), 'session_id': 5, 'market': 'EMPIRE_MARKET', 'url': 'http://empiremktxgjovhm.onion/u/DCUKConnection', 'seller_id': 862, 'description': 'ce9ed93cf26f19be053c700c2be5275b', 'disputes': '0', 'orders': '0', 'spendings': '---', 'feedback_left': '0', 'feedback_percent_positive': '0', 'last_online': datetime.datetime(2019, 10, 14, 0, 0), 'dream_market_successful_sales': '14000', 'dream_market_star_rating': '4.95', 'wall_street_market_successful_sales': None, 'wall_street_market_star_rating': None, 'parenthesis_number': '13421', 'positive_feedback_received_percent': '99.81', 'positive_1m': 2272, 'positive_6m': 10277, 'positive_12m': 10292, 'neutral_1m': 16, 'neutral_6m': 73, 'neutral_12m': 73, 'negative_1m': 9, 'negative_6m': 20, 'negative_12m': 20, 'stealth_rating': 5, 'quality_rating': 5, 'value_price_rating': 5, 'vendor_level': '9', 'trust_level': '9'}]
(Background on this error at: http://sqlalche.me/e/gkpj)



[scrape()]entry: [IntegrityError("(mysql.connector.errors.IntegrityError) 1062 (23000): Duplicate entry '5-http://empiremktxgjovhm.onion/u/DCUKConnection' for key 'session_id'",), 'Traceback (most recent call last):\n  File "/home/others/shomea/m/magnublo/msc/venv/lib/python3.6/site-packages/mysql/connector/connection_cext.py", line 472, in cmd_query\n    raw_as_string=raw_as_string)\n_mysql_connector.MySQLInterfaceError: Duplicate entry \'5-http://empiremktxgjovhm.onion/u/DCUKConnection\' for key \'session_id\'\n\nDuring handling of the above exception, another exception occurred:\n\nTraceback (most recent call last):\n  File "/home/others/shomea/m/magnublo/msc/venv/lib/python3.6/site-packages/sqlalchemy/engine/base.py", line 1249, in _execute_context\n    cursor, statement, parameters, context\n  File "/home/others/shomea/m/magnublo/msc/venv/lib/python3.6/site-packages/sqlalchemy/engine/default.py", line 552, in do_execute\n    cursor.execute(statement, parameters)\n  File "/home/others/shomea/m/magnublo/msc/venv/lib/python3.6/site-packages/mysql/connector/cursor_cext.py", line 266, in execute\n    raw_as_string=self._raw_as_string)\n  File "/home/others/shomea/m/magnublo/msc/venv/lib/python3.6/site-packages/mysql/connector/connection_cext.py", line 475, in cmd_query\n    sqlstate=exc.sqlstate)\nmysql.connector.errors.IntegrityError: 1062 (23000): Duplicate entry \'5-http://empiremktxgjovhm.onion/u/DCUKConnection\' for key \'session_id\'\n\nThe above exception was the direct cause of the following exception:\n\nTraceback (most recent call last):\n  File "/home/others/shomea/m/magnublo/msc/src/empire/scrape.py", line 211, in scrape\n    is_sticky, btc_rate, ltc_rate, xmr_rate, parsing_time)\n  File "/home/others/shomea/m/magnublo/msc/src/empire/scrape.py", line 294, in _scrape_listing\n    self._scrape_seller(seller_url, seller, is_new_seller)\n  File "/home/others/shomea/m/magnublo/msc/src/empire/scrape.py", line 484, in _scrape_seller\n    self.db_session.flush()\n  File "/home/others/shomea/m/magnublo/msc/venv/lib/python3.6/site-packages/sqlalchemy/orm/session.py", line 2459, in flush\n    self._flush(objects)\n  File "/home/others/shomea/m/magnublo/msc/venv/lib/python3.6/site-packages/sqlalchemy/orm/session.py", line 2597, in _flush\n    transaction.rollback(_capture_exception=True)\n  File "/home/others/shomea/m/magnublo/msc/venv/lib/python3.6/site-packages/sqlalchemy/util/langhelpers.py", line 68, in __exit__\n    compat.reraise(exc_type, exc_value, exc_tb)\n  File "/home/others/shomea/m/magnublo/msc/venv/lib/python3.6/site-packages/sqlalchemy/util/compat.py", line 153, in reraise\n    raise value\n  File "/home/others/shomea/m/magnublo/msc/venv/lib/python3.6/site-packages/sqlalchemy/orm/session.py", line 2557, in _flush\n    flush_context.execute()\n  File "/home/others/shomea/m/magnublo/msc/venv/lib/python3.6/site-packages/sqlalchemy/orm/unitofwork.py", line 422, in execute\n    rec.execute(self)\n  File "/home/others/shomea/m/magnublo/msc/venv/lib/python3.6/site-packages/sqlalchemy/orm/unitofwork.py", line 589, in execute\n    uow,\n  File "/home/others/shomea/m/magnublo/msc/venv/lib/python3.6/site-packages/sqlalchemy/orm/persistence.py", line 245, in save_obj\n    insert,\n  File "/home/others/shomea/m/magnublo/msc/venv/lib/python3.6/site-packages/sqlalchemy/orm/persistence.py", line 1138, in _emit_insert_statements\n    statement, params\n  File "/home/others/shomea/m/magnublo/msc/venv/lib/python3.6/site-packages/sqlalchemy/engine/base.py", line 988, in execute\n    return meth(self, multiparams, params)\n  File "/home/others/shomea/m/magnublo/msc/venv/lib/python3.6/site-packages/sqlalchemy/sql/elements.py", line 287, in _execute_on_connection\n    return connection._execute_clauseelement(self, multiparams, params)\n  File "/home/others/shomea/m/magnublo/msc/venv/lib/python3.6/site-packages/sqlalchemy/engine/base.py", line 1107, in _execute_clauseelement\n    distilled_params,\n  File "/home/others/shomea/m/magnublo/msc/venv/lib/python3.6/site-packages/sqlalchemy/engine/base.py", line 1253, in _execute_context\n    e, statement, parameters, cursor, context\n  File "/home/others/shomea/m/magnublo/msc/venv/lib/python3.6/site-packages/sqlalchemy/engine/base.py", line 1473, in _handle_dbapi_exception\n    util.raise_from_cause(sqlalchemy_exception, exc_info)\n  File "/home/others/shomea/m/magnublo/msc/venv/lib/python3.6/site-packages/sqlalchemy/util/compat.py", line 398, in raise_from_cause\n    reraise(type(exception), exception, tb=exc_tb, cause=cause)\n  File "/home/others/shomea/m/magnublo/msc/venv/lib/python3.6/site-packages/sqlalchemy/util/compat.py", line 152, in reraise\n    raise value.with_traceback(tb)\n  File "/home/others/shomea/m/magnublo/msc/venv/lib/python3.6/site-packages/sqlalchemy/engine/base.py", line 1249, in _execute_context\n    cursor, statement, parameters, context\n  File "/home/others/shomea/m/magnublo/msc/venv/lib/python3.6/site-packages/sqlalchemy/engine/default.py", line 552, in do_execute\n    cursor.execute(statement, parameters)\n  File "/home/others/shomea/m/magnublo/msc/venv/lib/python3.6/site-packages/mysql/connector/cursor_cext.py", line 266, in execute\n    raw_as_string=self._raw_as_string)\n  File "/home/others/shomea/m/magnublo/msc/venv/lib/python3.6/site-packages/mysql/connector/connection_cext.py", line 475, in cmd_query\n    sqlstate=exc.sqlstate)\nsqlalchemy.exc.IntegrityError: (mysql.connector.errors.IntegrityError) 1062 (23000): Duplicate entry \'5-http://empiremktxgjovhm.onion/u/DCUKConnection\' for key \'session_id\'\n[SQL: INSERT INTO seller_observation (created_date, session_id, market, url, seller_id, description, disputes, orders, spendings, feedback_left, feedback_percent_positive, last_online, dream_market_successful_sales, dream_market_star_rating, wall_street_market_successful_sales, wall_street_market_star_rating, parenthesis_number, positive_feedback_received_percent, positive_1m, positive_6m, positive_12m, neutral_1m, neutral_6m, neutral_12m, negative_1m, negative_6m, negative_12m, stealth_rating, quality_rating, value_price_rating, vendor_level, trust_level) VALUES (%(created_date)s, %(session_id)s, %(market)s, %(url)s, %(seller_id)s, %(description)s, %(disputes)s, %(orders)s, %(spendings)s, %(feedback_left)s, %(feedback_percent_positive)s, %(last_online)s, %(dream_market_successful_sales)s, %(dream_market_star_rating)s, %(wall_street_market_successful_sales)s, %(wall_street_market_star_rating)s, %(parenthesis_number)s, %(positive_feedback_received_percent)s, %(positive_1m)s, %(positive_6m)s, %(positive_12m)s, %(neutral_1m)s, %(neutral_6m)s, %(neutral_12m)s, %(negative_1m)s, %(negative_6m)s, %(negative_12m)s, %(stealth_rating)s, %(quality_rating)s, %(value_price_rating)s, %(vendor_level)s, %(trust_level)s)]\n[parameters: {\'created_date\': datetime.datetime(2019, 10, 14, 13, 51, 1, 790058), \'session_id\': 5, \'market\': \'EMPIRE_MARKET\', \'url\': \'http://empiremktxgjovhm.onion/u/DCUKConnection\', \'seller_id\': 862, \'description\': \'ce9ed93cf26f19be053c700c2be5275b\', \'disputes\': \'0\', \'orders\': \'0\', \'spendings\': \'---\', \'feedback_left\': \'0\', \'feedback_percent_positive\': \'0\', \'last_online\': datetime.datetime(2019, 10, 14, 0, 0), \'dream_market_successful_sales\': \'14000\', \'dream_market_star_rating\': \'4.95\', \'wall_street_market_successful_sales\': None, \'wall_street_market_star_rating\': None, \'parenthesis_number\': \'13421\', \'positive_feedback_received_percent\': \'99.81\', \'positive_1m\': 2272, \'positive_6m\': 10277, \'positive_12m\': 10292, \'neutral_1m\': 16, \'neutral_6m\': 73, \'neutral_12m\': 73, \'negative_1m\': 9, \'negative_6m\': 20, \'negative_12m\': 20, \'stealth_rating\': 5, \'quality_rating\': 5, \'value_price_rating\': 5, \'vendor_level\': \'9\', \'trust_level\': \'9\'}]\n(Background on this error at: http://sqlalche.me/e/gkpj)\n', datetime.datetime(2019, 10, 14, 13, 51, 1, 825598)]


[scrape()]error_data: []


[scrape()]is_sticky: False


[scrape()]product_page_url: http://empiremktxgjovhm.onion/product/44085/105/150285


[scrape()]seller_url: http://empiremktxgjovhm.onion/u/Insta


[scrape()]seller_name: Insta


[scrape()]title: 1 gram Cocaine - Uncut from the Brick


[scrape()]i: 4


[scrape()]xmr_rate: 53.38


[scrape()]ltc_rate: 56.86


[scrape()]btc_rate: 8271.40


[scrape()]seller_urls: ['http://empiremktxgjovhm.onion/u/TripWithScience', 'http://empiremktxgjovhm.onion/u/NextGeneration', 'http://empiremktxgjovhm.onion/u/PolarSprings', 'http://empiremktxgjovhm.onion/u/DCUKConnection', 'http://empiremktxgjovhm.onion/u/Insta', 'http://empiremktxgjovhm.onion/u/TreesNTreats', 'http://empiremktxgjovhm.onion/u/HumboldtGrower', 'http://empiremktxgjovhm.onion/u/Primark', 'http://empiremktxgjovhm.onion/u/NextGeneration', 'http://empiremktxgjovhm.onion/u/HumboldtGrower', 'http://empiremktxgjovhm.onion/u/drugsUK', 'http://empiremktxgjovhm.onion/u/VanillaSurf', 'http://empiremktxgjovhm.onion/u/VanillaSurf', 'http://empiremktxgjovhm.onion/u/NextGeneration', 'http://empiremktxgjovhm.onion/u/Insta']


[scrape()]sellers: ['TripWithScience', 'NextGeneration', 'PolarSprings', 'DCUKConnection', 'Insta', 'TreesNTreats', 'HumboldtGrower', 'Primark', 'NextGeneration', 'HumboldtGrower', 'drugsUK', 'VanillaSurf', 'VanillaSurf', 'NextGeneration', 'Insta']


[scrape()]titles: ['LIQUID MUSHROOMS (Pure Psilocybin Extract) No Nausea, Faster Trip', 'UNCUT Peruvian 89% FISHSCALE COCAINE 1g', 'oxycodone V 48/12 imprint pressed V30 M30', 'ðŸ’›ðŸ‡¬ðŸ‡§ DCUK 3.5G -28G  PURE PLATINUM MDMA 92% UK NDD [FLASH PROMOTION] ðŸ‡¬ðŸ‡§ðŸ’›', '1 gram Cocaine - Uncut from the Brick', '50x-5000x 4mg THC World Famous Sour Organic Gummy Bears', 'â˜…OG KUSHâ˜… 1LB - (Indoor) (Free Tracking!!) (Top Shelf A++)', '10x California Sunshine LSD Blotters - 200ug - BULK DISCOUNT', 'Pure Speed POWDER 3.5g NOT PASTE Free UK NDD', '(!!!SALE!!!) 1OZ - Fruity Pebbles (AAA++ | Super Stable | 80%+)', '[WEEK DEAL] ðŸ”¥ðŸ‡¬ðŸ‡§â˜…S-KETAMINE 78%â˜… UK-EU ||| 2.5-14GR | 12GBP A GRAMðŸ”¥ðŸ‡¬ðŸ‡§ + 2.5GR F', '** PERUVIAN COKE ** 3.5g | Â£185.00 ** FREE-UK-NDD -', '** PERUVIAN COKE ** 1g | Â£70.00** FREE NDD+STEALTH', 'Dutch Import MDMA 90% 1g FREE UK NDD', '3.5 grams Cocaine - Uncut from the Brick']


[scrape()]urls_is_sticky: [False, False, False, False, False, False, False, False, False, False, False, False, False, False, False]


[scrape()]product_page_urls: ['http://empiremktxgjovhm.onion/product/17685/111/84252', 'http://empiremktxgjovhm.onion/product/23951/105/147434', 'http://empiremktxgjovhm.onion/product/49493/141/188784', 'http://empiremktxgjovhm.onion/product/30779/88/164102', 'http://empiremktxgjovhm.onion/product/44085/105/150285', 'http://empiremktxgjovhm.onion/product/52629/78/196303', 'http://empiremktxgjovhm.onion/product/97172/73/213567', 'http://empiremktxgjovhm.onion/product/69574/110/310497', 'http://empiremktxgjovhm.onion/product/24402/98/147434', 'http://empiremktxgjovhm.onion/product/42791/75/213567', 'http://empiremktxgjovhm.onion/product/25034/83/148671', 'http://empiremktxgjovhm.onion/product/19528/105/42601', 'http://empiremktxgjovhm.onion/product/19527/105/42601', 'http://empiremktxgjovhm.onion/product/24345/88/147434', 'http://empiremktxgjovhm.onion/product/44087/105/150285']


[scrape()]soup_html:  <html>
<head>
<title>Empire Market</title>
<link href="http://empiremktxgjovhm.onion/public/css/style.css" rel="stylesheet" type="text/css"/>
<link href="http://empiremktxgjovhm.onion/public/css/font-awesome.min.css" rel="stylesheet"/>
<link href="http://empiremktxgjovhm.onion/favicon.png" rel="icon" type="image/png"/>
</head>
<body>
<div class="header">
<div class="img-logo">
<a href="http://empiremktxgjovhm.onion/home"><img src="http://empiremktxgjovhm.onion/public/image/logo.png"/></a>
</div>
<div class="right-session">
<div id="right-session-information">
<div class="right-session-image">
<a href="http://empiremktxgjovhm.onion/myprofile">
<img src="http://empiremktxgjovhm.onion/public/image/login.png"/>
</a>
</div>
<div class="right-session-text">
<p "="" class="padp" style="line-height: 16px;"><b> Logged in as <a href="http://empiremktxgjovhm.onion/myinfo">using_python5</a> [<a href="http://empiremktxgjovhm.onion/index/logout">Logout</a>]</b></p>
<p class="padp" style="width:max-content; line-height: 16px;"><b> BTC: <a href="http://empiremktxgjovhm.onion/balance/bitcoin">0.00000</a> / LTC: <a href="http://empiremktxgjovhm.onion/balance/litecoin">0.00000</a> / <br/>XMR: <a href="http://empiremktxgjovhm.onion/balance/monero">0.00000</a> [<a href="http://empiremktxgjovhm.onion/autoshop">My Autoshop</a>]</b> </p>
<p class="padp"></p>
</div>
</div>
</div>
</div>
<div>
<div class="sm-nav" style="width: 43%;">
<ul>
<li><a><img src="http://empiremktxgjovhm.onion/public/image/arrow-asc.png"/> USD 8271.40</a></li>
<li><a><img src="http://empiremktxgjovhm.onion/public/image/arrow-asc.png"/> CAD 10925.60</a></li>
<li><a><img src="http://empiremktxgjovhm.onion/public/image/arrow-asc.png"/> EUR 7509.34</a></li>
<li><a><img src="http://empiremktxgjovhm.onion/public/image/arrow-asc.png"/> AUD 12244.40</a></li>
<li><a><img src="http://empiremktxgjovhm.onion/public/image/arrow-asc.png"/> GBP 6594.03</a></li>
</ul>
</div>
<div class="clear"></div>
<div class="body-content">
<nav id="primary_nav_wrap">
<ul>
<li><a href="http://empiremktxgjovhm.onion/home">HOME</a></li>
<li><a href="http://empiremktxgjovhm.onion/message">MESSAGES <span style="color:inherit;">
</span></a>
<ul>
<li><a href="http://empiremktxgjovhm.onion/message/newmsg">Send Message</a></li>
<li><a href="http://empiremktxgjovhm.onion/message">Conversations</a></li>
<li><a href="http://empiremktxgjovhm.onion/message/settab/vendors">--- Vendors</a></li>
<li><a href="http://empiremktxgjovhm.onion/message/settab/buyers">--- Buyers</a></li>
</ul>
</li>
<li><a href="http://empiremktxgjovhm.onion/order">ORDERS</a>
<ul>
<li><a href="http://empiremktxgjovhm.onion/order">Current Orders</a></li>
<li><a href="http://empiremktxgjovhm.onion/order/archive">Archived Orders</a></li>
</ul>
</li>
<li><a href="http://empiremktxgjovhm.onion/sales/vendor">BECOME A VENDOR</a></li>
<li>
<a href="http://empiremktxgjovhm.onion/balance/bitcoin">BALANCE</a>
<ul>
<li><a href="http://empiremktxgjovhm.onion/balance/bitcoin">Bitcoin Balance</a></li>
<li><a href="http://empiremktxgjovhm.onion/balance/litecoin">Litecoin Balance</a></li>
<li><a href="http://empiremktxgjovhm.onion/balance/monero">Monero Balance</a></li>
</ul>
</li>
<li><a href="http://empiremktxgjovhm.onion/profile/settab/p_feedback">FEEDBACK</a>
<ul>
<li><a href="http://empiremktxgjovhm.onion/profile/settab/p_feedback">View Feedback &amp; Profile</a></li>
<li><a href="http://empiremktxgjovhm.onion/myinfo">Edit Profile</a></li>
</ul>
</li>
<li><a href="http://tpo7v66snknyugsf.onion" target="_blank">FORUMS</a></li>
<li><a href="http://empiremktxgjovhm.onion/support">SUPPORT</a>
<ul>
<li><a href="http://empiremktxgjovhm.onion/support">Ticket List</a></li>
<li><a href="http://empiremktxgjovhm.onion/support/newticket">Create Ticket</a></li>
<li><a href="http://empiremktxgjovhm.onion/support/faq">FAQ</a></li>
<li><a href="http://empiremktxgjovhm.onion/disputes">Disputes</a></li>
<li><a href="http://empiremktxgjovhm.onion/support/contactinformation">View Contact Information</a></li>
</ul>
</li>
<li style="float:right;margin:0px;">
<a href="http://empiremktxgjovhm.onion/notifications" style="padding:0px;">
<img src="http://empiremktxgjovhm.onion/public/image/white_bell.png" style="margin-top: -1px;"/>
</a>
</li>
</ul>
</nav>
<div class="clear"></div>
<div class="sub_head_inner_header">
<i aria-hidden="true" class="fa fa-search-plus fa-fontSet"></i>
<div class="check"><p></p></div>
<h3><a href="http://empiremktxgjovhm.onion/category/categories/2/0">Drugs &amp; Chemicals</a></h3></div></div></div></body></html>
<div class="check"><p></p></div>
<i aria-hidden="true" class="fa fa-sitemap fa-fontSet sitemap"></i>

<div class="wrapper-index">
<div class="left-content">
<div id="information">
<div class="login-Head">
<div class="loginHead-logo">
<i aria-hidden="true" class="fa fa-caret-square-o-right padi"></i>
</div>
<div class="loginHead-head">
<h3 class="padh3">BROWSE CATEGORIES</h3>
</div>
</div>
<div class="clear"></div>
<nav class="Category">
<ul class="mainmenu">
<li><a href="http://empiremktxgjovhm.onion/category/categories/1/0"><img height="12px" src="http://empiremktxgjovhm.onion/public/image/arrow-right.png" width="12px"/><input type="checkbox"/> Fraud<span style="float:right;color:#4a4e51">4955</span></a>
<ul class="submenu">
<li><a href="http://empiremktxgjovhm.onion/category/categories/13/0"><input type="checkbox"/> Accounts &amp; Bank Drops<span style="float:right;color:#4a4e51">2042</span></a>
<ul class="CategoryUL">
</ul>
</li>
<li><a href="http://empiremktxgjovhm.onion/category/categories/14/0"><input type="checkbox"/> CVV &amp; Cards<span style="float:right;color:#4a4e51">913</span></a>
<ul class="CategoryUL">
</ul>
</li>
<li><a href="http://empiremktxgjovhm.onion/category/categories/15/0"><input type="checkbox"/> Dumps<span style="float:right;color:#4a4e51">169</span></a>
<ul class="CategoryUL">
</ul>
</li>
<li><a href="http://empiremktxgjovhm.onion/category/categories/16/0"><input type="checkbox"/> Other<span style="float:right;color:#4a4e51">689</span></a>
<ul class="CategoryUL">
</ul>
</li>
<li><a href="http://empiremktxgjovhm.onion/category/categories/17/0"><input type="checkbox"/> Personal Information &amp; Scans<span style="float:right;color:#4a4e51">1142</span></a>
<ul class="CategoryUL">
</ul>
</li>
</ul>
</li>
<li><a href="http://empiremktxgjovhm.onion/category/categories/2/0"><img height="12px" src="http://empiremktxgjovhm.onion/public/image/arrow-down.png" width="12px"/><input checked="" type="checkbox"/> Drugs &amp; Chemicals<span style="float:right;color:#4a4e51">37457</span></a>
<ul class="submenu" style="display:block;">
<li><a href="http://empiremktxgjovhm.onion/category/categories/18/0"><input type="checkbox"/> Alcohol<span style="float:right;color:#4a4e51">5</span></a>
<ul class="CategoryUL">
</ul>
</li>
<li><a href="http://empiremktxgjovhm.onion/category/categories/19/0"><img height="12px" src="http://empiremktxgjovhm.onion/public/image/arrow-right.png" width="12px"/><input type="checkbox"/> Benzos<span style="float:right;color:#4a4e51">2855</span></a>
<ul class="CategoryUL">
<li>
<a href="http://empiremktxgjovhm.onion/category/categories/69/0"><input type="checkbox"/> Pills<span style="float:right;color:#4a4e51">2307</span></a>
<ul class="CategorySubUL">
</ul>
</li>
<li>
<a href="http://empiremktxgjovhm.onion/category/categories/70/0"><input type="checkbox"/> Powder<span style="float:right;color:#4a4e51">320</span></a>
<ul class="CategorySubUL">
</ul>
</li>
<li>
<a href="http://empiremktxgjovhm.onion/category/categories/71/0"><input type="checkbox"/> RC<span style="float:right;color:#4a4e51">103</span></a>
<ul class="CategorySubUL">
</ul>
</li>
<li>
<a href="http://empiremktxgjovhm.onion/category/categories/72/0"><input type="checkbox"/> Other<span style="float:right;color:#4a4e51">125</span></a>
<ul class="CategorySubUL">
</ul>
</li>
</ul>
</li>
<li><a href="http://empiremktxgjovhm.onion/category/categories/20/0"><img height="12px" src="http://empiremktxgjovhm.onion/public/image/arrow-right.png" width="12px"/><input type="checkbox"/> Cannabis &amp; Hashish<span style="float:right;color:#4a4e51">11387</span></a>
<ul class="CategoryUL">
<li>
<a href="http://empiremktxgjovhm.onion/category/categories/73/0"><input type="checkbox"/> Buds &amp; Flowers<span style="float:right;color:#4a4e51">6113</span></a>
<ul class="CategorySubUL">
</ul>
</li>
<li>
<a href="http://empiremktxgjovhm.onion/category/categories/74/0"><input type="checkbox"/> Shake<span style="float:right;color:#4a4e51">171</span></a>
<ul class="CategorySubUL">
</ul>
</li>
<li>
<a href="http://empiremktxgjovhm.onion/category/categories/75/0"><input type="checkbox"/> Concentrates<span style="float:right;color:#4a4e51">2170</span></a>
<ul class="CategorySubUL">
</ul>
</li>
<li>
<a href="http://empiremktxgjovhm.onion/category/categories/76/0"><input type="checkbox"/> Hash<span style="float:right;color:#4a4e51">1662</span></a>
<ul class="CategorySubUL">
</ul>
</li>
<li>
<a href="http://empiremktxgjovhm.onion/category/categories/77/0"><input type="checkbox"/> Prerolls<span style="float:right;color:#4a4e51">65</span></a>
<ul class="CategorySubUL">
</ul>
</li>
<li>
<a href="http://empiremktxgjovhm.onion/category/categories/78/0"><input type="checkbox"/> Edibles<span style="float:right;color:#4a4e51">589</span></a>
<ul class="CategorySubUL">
</ul>
</li>
<li>
<a href="http://empiremktxgjovhm.onion/category/categories/79/0"><input type="checkbox"/> Topicals &amp; Others<span style="float:right;color:#4a4e51">38</span></a>
<ul class="CategorySubUL">
</ul>
</li>
<li>
<a href="http://empiremktxgjovhm.onion/category/categories/80/0"><input type="checkbox"/> Seeds<span style="float:right;color:#4a4e51">247</span></a>
<ul class="CategorySubUL">
</ul>
</li>
<li>
<a href="http://empiremktxgjovhm.onion/category/categories/81/0"><input type="checkbox"/> Synthetic<span style="float:right;color:#4a4e51">218</span></a>
<ul class="CategorySubUL">
</ul>
</li>
<li>
<a href="http://empiremktxgjovhm.onion/category/categories/82/0"><input type="checkbox"/> Other<span style="float:right;color:#4a4e51">114</span></a>
<ul class="CategorySubUL">
</ul>
</li>
</ul>
</li>
<li><a href="http://empiremktxgjovhm.onion/category/categories/21/0"><img height="12px" src="http://empiremktxgjovhm.onion/public/image/arrow-right.png" width="12px"/><input type="checkbox"/> Dissociatives<span style="float:right;color:#4a4e51">1861</span></a>
<ul class="CategoryUL">
<li>
<a href="http://empiremktxgjovhm.onion/category/categories/83/0"><input type="checkbox"/> Ketamine<span style="float:right;color:#4a4e51">1649</span></a>
<ul class="CategorySubUL">
</ul>
</li>
<li>
<a href="http://empiremktxgjovhm.onion/category/categories/84/0"><input type="checkbox"/> MXE<span style="float:right;color:#4a4e51">23</span></a>
<ul class="CategorySubUL">
</ul>
</li>
<li>
<a href="http://empiremktxgjovhm.onion/category/categories/85/0"><input type="checkbox"/> Other<span style="float:right;color:#4a4e51">44</span></a>
<ul class="CategorySubUL">
</ul>
</li>
<li>
<a href="http://empiremktxgjovhm.onion/category/categories/86/0"><input type="checkbox"/> GHB<span style="float:right;color:#4a4e51">145</span></a>
<ul class="CategorySubUL">
</ul>
</li>
</ul>
</li>
<li><a href="http://empiremktxgjovhm.onion/category/categories/22/0"><img height="12px" src="http://empiremktxgjovhm.onion/public/image/arrow-right.png" width="12px"/><input type="checkbox"/> Ecstasy<span style="float:right;color:#4a4e51">5031</span></a>
<ul class="CategoryUL">
<li>
<a href="http://empiremktxgjovhm.onion/category/categories/87/0"><input type="checkbox"/> Pills<span style="float:right;color:#4a4e51">2669</span></a>
<ul class="CategorySubUL">
</ul>
</li>
<li>
<a href="http://empiremktxgjovhm.onion/category/categories/88/0"><input type="checkbox"/> MDMA<span style="float:right;color:#4a4e51">2220</span></a>
<ul class="CategorySubUL">
</ul>
</li>
<li>
<a href="http://empiremktxgjovhm.onion/category/categories/89/0"><input type="checkbox"/> MDA<span style="float:right;color:#4a4e51">33</span></a>
<ul class="CategorySubUL">
</ul>
</li>
<li>
<a href="http://empiremktxgjovhm.onion/category/categories/90/0"><input type="checkbox"/> Methylone &amp; BK<span style="float:right;color:#4a4e51">48</span></a>
<ul class="CategorySubUL">
</ul>
</li>
<li>
<a href="http://empiremktxgjovhm.onion/category/categories/91/0"><input type="checkbox"/> Other<span style="float:right;color:#4a4e51">61</span></a>
<ul class="CategorySubUL">
</ul>
</li>
</ul>
</li>
<li><a href="http://empiremktxgjovhm.onion/category/categories/23/0"><img height="12px" src="http://empiremktxgjovhm.onion/public/image/arrow-right.png" width="12px"/><input type="checkbox"/> Opioids<span style="float:right;color:#4a4e51">3106</span></a>
<ul class="CategoryUL">
<li>
<a href="http://empiremktxgjovhm.onion/category/categories/92/0"><input type="checkbox"/> Pills<span style="float:right;color:#4a4e51">428</span></a>
<ul class="CategorySubUL">
</ul>
</li>
<li>
<a href="http://empiremktxgjovhm.onion/category/categories/93/0"><input type="checkbox"/> Heroin<span style="float:right;color:#4a4e51">1176</span></a>
<ul class="CategorySubUL">
</ul>
</li>
<li>
<a href="http://empiremktxgjovhm.onion/category/categories/94/0"><input type="checkbox"/> Fentanyl &amp; RCs<span style="float:right;color:#4a4e51">155</span></a>
<ul class="CategorySubUL">
</ul>
</li>
<li>
<a href="http://empiremktxgjovhm.onion/category/categories/95/0"><input type="checkbox"/> Other<span style="float:right;color:#4a4e51">111</span></a>
<ul class="CategorySubUL">
</ul>
</li>
<li>
<a href="http://empiremktxgjovhm.onion/category/categories/134/0"><input type="checkbox"/> Buprenorphine<span style="float:right;color:#4a4e51">137</span></a>
<ul class="CategorySubUL">
</ul>
</li>
<li>
<a href="http://empiremktxgjovhm.onion/category/categories/135/0"><input type="checkbox"/> Codeine<span style="float:right;color:#4a4e51">103</span></a>
<ul class="CategorySubUL">
</ul>
</li>
<li>
<a href="http://empiremktxgjovhm.onion/category/categories/136/0"><input type="checkbox"/> Dihydrocodeine<span style="float:right;color:#4a4e51">40</span></a>
<ul class="CategorySubUL">
</ul>
</li>
<li>
<a href="http://empiremktxgjovhm.onion/category/categories/137/0"><input type="checkbox"/> Hydrocodone<span style="float:right;color:#4a4e51">130</span></a>
<ul class="CategorySubUL">
</ul>
</li>
<li>
<a href="http://empiremktxgjovhm.onion/category/categories/138/0"><input type="checkbox"/> Hydromorphone<span style="float:right;color:#4a4e51">52</span></a>
<ul class="CategorySubUL">
</ul>
</li>
<li>
<a href="http://empiremktxgjovhm.onion/category/categories/139/0"><input type="checkbox"/> Morphine<span style="float:right;color:#4a4e51">84</span></a>
<ul class="CategorySubUL">
</ul>
</li>
<li>
<a href="http://empiremktxgjovhm.onion/category/categories/140/0"><input type="checkbox"/> Opium<span style="float:right;color:#4a4e51">85</span></a>
<ul class="CategorySubUL">
</ul>
</li>
<li>
<a href="http://empiremktxgjovhm.onion/category/categories/141/0"><input type="checkbox"/> OxyCodone<span style="float:right;color:#4a4e51">604</span></a>
<ul class="CategorySubUL">
</ul>
</li>
</ul>
</li>
<li><a href="http://empiremktxgjovhm.onion/category/categories/24/0"><img height="12px" src="http://empiremktxgjovhm.onion/public/image/arrow-right.png" width="12px"/><input type="checkbox"/> Prescription<span style="float:right;color:#4a4e51">2072</span></a>
<ul class="CategoryUL">
<li>
<a href="http://empiremktxgjovhm.onion/category/categories/96/0"><input type="checkbox"/> Prescription<span style="float:right;color:#4a4e51">2072</span></a>
<ul class="CategorySubUL">
</ul>
</li>
</ul>
</li>
<li><a href="http://empiremktxgjovhm.onion/category/categories/25/0"><img height="12px" src="http://empiremktxgjovhm.onion/public/image/arrow-right.png" width="12px"/><input type="checkbox"/> Steroids<span style="float:right;color:#4a4e51">1604</span></a>
<ul class="CategoryUL">
<li>
<a href="http://empiremktxgjovhm.onion/category/categories/97/0"><input type="checkbox"/> Steroids<span style="float:right;color:#4a4e51">1604</span></a>
<ul class="CategorySubUL">
</ul>
</li>
</ul>
</li>
<li><a href="http://empiremktxgjovhm.onion/category/categories/26/0"><img height="12px" src="http://empiremktxgjovhm.onion/public/image/arrow-right.png" width="12px"/><input type="checkbox"/> Stimulants<span style="float:right;color:#4a4e51">6542</span></a>
<ul class="CategoryUL">
<li>
<a href="http://empiremktxgjovhm.onion/category/categories/98/0"><input type="checkbox"/> Speed<span style="float:right;color:#4a4e51">1383</span></a>
<ul class="CategorySubUL">
</ul>
</li>
<li>
<a href="http://empiremktxgjovhm.onion/category/categories/99/0"><input type="checkbox"/> Meth<span style="float:right;color:#4a4e51">1083</span></a>
<ul class="CategorySubUL">
</ul>
</li>
<li>
<a href="http://empiremktxgjovhm.onion/category/categories/100/0"><input type="checkbox"/> Adderal &amp; Vyvanse<span style="float:right;color:#4a4e51">406</span></a>
<ul class="CategorySubUL">
</ul>
</li>
<li>
<a href="http://empiremktxgjovhm.onion/category/categories/101/0"><input type="checkbox"/> 2-FA<span style="float:right;color:#4a4e51">2</span></a>
<ul class="CategorySubUL">
</ul>
</li>
<li>
<a href="http://empiremktxgjovhm.onion/category/categories/102/0"><input type="checkbox"/> Other RCs<span style="float:right;color:#4a4e51">184</span></a>
<ul class="CategorySubUL">
</ul>
</li>
<li>
<a href="http://empiremktxgjovhm.onion/category/categories/103/0"><input type="checkbox"/> Pressed Pills<span style="float:right;color:#4a4e51">90</span></a>
<ul class="CategorySubUL">
</ul>
</li>
<li>
<a href="http://empiremktxgjovhm.onion/category/categories/104/0"><input type="checkbox"/> Other<span style="float:right;color:#4a4e51">155</span></a>
<ul class="CategorySubUL">
</ul>
</li>
<li>
<a href="http://empiremktxgjovhm.onion/category/categories/105/0"><input type="checkbox"/> Cocaine<span style="float:right;color:#4a4e51">2986</span></a>
<ul class="CategorySubUL">
</ul>
</li>
<li>
<a href="http://empiremktxgjovhm.onion/category/categories/106/0"><input type="checkbox"/> Crack<span style="float:right;color:#4a4e51">253</span></a>
<ul class="CategorySubUL">
</ul>
</li>
</ul>
</li>
<li><a href="http://empiremktxgjovhm.onion/category/categories/27/0"><img height="12px" src="http://empiremktxgjovhm.onion/public/image/arrow-right.png" width="12px"/><input type="checkbox"/> Tobacco<span style="float:right;color:#4a4e51">51</span></a>
<ul class="CategoryUL">
<li>
<a href="http://empiremktxgjovhm.onion/category/categories/107/0"><input type="checkbox"/> Tobacco<span style="float:right;color:#4a4e51">51</span></a>
<ul class="CategorySubUL">
</ul>
</li>
</ul>
</li>
<li><a href="http://empiremktxgjovhm.onion/category/categories/28/0"><img height="12px" src="http://empiremktxgjovhm.onion/public/image/arrow-right.png" width="12px"/><input type="checkbox"/> Weight Loss<span style="float:right;color:#4a4e51">62</span></a>
<ul class="CategoryUL">
<li>
<a href="http://empiremktxgjovhm.onion/category/categories/108/0"><input type="checkbox"/> Weight Loss<span style="float:right;color:#4a4e51">62</span></a>
<ul class="CategorySubUL">
</ul>
</li>
</ul>
</li>
<li><a href="http://empiremktxgjovhm.onion/category/categories/29/0"><img height="12px" src="http://empiremktxgjovhm.onion/public/image/arrow-right.png" width="12px"/><input type="checkbox"/> Other<span style="float:right;color:#4a4e51">107</span></a>
<ul class="CategoryUL">
<li>
<a href="http://empiremktxgjovhm.onion/category/categories/109/0"><input type="checkbox"/> Other<span style="float:right;color:#4a4e51">107</span></a>
<ul class="CategorySubUL">
</ul>
</li>
</ul>
</li>
<li><a href="http://empiremktxgjovhm.onion/category/categories/30/0"><input type="checkbox"/> Paraphernalia<span style="float:right;color:#4a4e51">134</span></a>
<ul class="CategoryUL">
</ul>
</li>
<li><a href="http://empiremktxgjovhm.onion/category/categories/31/0"><img height="12px" src="http://empiremktxgjovhm.onion/public/image/arrow-right.png" width="12px"/><input type="checkbox"/> Psychedelics<span style="float:right;color:#4a4e51">2640</span></a>
<ul class="CategoryUL">
<li>
<a href="http://empiremktxgjovhm.onion/category/categories/110/0"><input type="checkbox"/> LSD<span style="float:right;color:#4a4e51">1599</span></a>
<ul class="CategorySubUL">
</ul>
</li>
<li>
<a href="http://empiremktxgjovhm.onion/category/categories/111/0"><input type="checkbox"/> Shrooms<span style="float:right;color:#4a4e51">269</span></a>
<ul class="CategorySubUL">
</ul>
</li>
<li>
<a href="http://empiremktxgjovhm.onion/category/categories/112/0"><input type="checkbox"/> DMT<span style="float:right;color:#4a4e51">284</span></a>
<ul class="CategorySubUL">
</ul>
</li>
<li>
<a href="http://empiremktxgjovhm.onion/category/categories/113/0"><input type="checkbox"/> Mescaline<span style="float:right;color:#4a4e51">36</span></a>
<ul class="CategorySubUL">
</ul>
</li>
<li>
<a href="http://empiremktxgjovhm.onion/category/categories/114/0"><input type="checkbox"/> LSA<span style="float:right;color:#4a4e51">4</span></a>
<ul class="CategorySubUL">
</ul>
</li>
<li>
<a href="http://empiremktxgjovhm.onion/category/categories/115/0"><input type="checkbox"/> DMA / DOX<span style="float:right;color:#4a4e51">6</span></a>
<ul class="CategorySubUL">
</ul>
</li>
<li>
<a href="http://empiremktxgjovhm.onion/category/categories/116/0"><input type="checkbox"/> NBOME<span style="float:right;color:#4a4e51">29</span></a>
<ul class="CategorySubUL">
</ul>
</li>
<li>
<a href="http://empiremktxgjovhm.onion/category/categories/117/0"><input type="checkbox"/> 2C-B<span style="float:right;color:#4a4e51">254</span></a>
<ul class="CategorySubUL">
</ul>
</li>
<li>
<a href="http://empiremktxgjovhm.onion/category/categories/118/0"><input type="checkbox"/> Other RCs<span style="float:right;color:#4a4e51">107</span></a>
<ul class="CategorySubUL">
</ul>
</li>
<li>
<a href="http://empiremktxgjovhm.onion/category/categories/119/0"><input type="checkbox"/> Other<span style="float:right;color:#4a4e51">52</span></a>
<ul class="CategorySubUL">
</ul>
</li>
</ul>
</li>
</ul>
</li>
<li><a href="http://empiremktxgjovhm.onion/category/categories/3/0"><img height="12px" src="http://empiremktxgjovhm.onion/public/image/arrow-right.png" width="12px"/><input type="checkbox"/> Guides &amp; Tutorials<span style="float:right;color:#4a4e51">2876</span></a>
<ul class="submenu">
<li><a href="http://empiremktxgjovhm.onion/category/categories/32/0"><input type="checkbox"/> Drugs<span style="float:right;color:#4a4e51">189</span></a>
<ul class="CategoryUL">
</ul>
</li>
<li><a href="http://empiremktxgjovhm.onion/category/categories/33/0"><input type="checkbox"/> Fraud<span style="float:right;color:#4a4e51">1397</span></a>
<ul class="CategoryUL">
</ul>
</li>
<li><a href="http://empiremktxgjovhm.onion/category/categories/34/0"><input type="checkbox"/> Hacking<span style="float:right;color:#4a4e51">369</span></a>
<ul class="CategoryUL">
</ul>
</li>
<li><a href="http://empiremktxgjovhm.onion/category/categories/35/0"><input type="checkbox"/> Other<span style="float:right;color:#4a4e51">486</span></a>
<ul class="CategoryUL">
</ul>
</li>
<li><a href="http://empiremktxgjovhm.onion/category/categories/36/0"><input type="checkbox"/> Security &amp; Anonymity<span style="float:right;color:#4a4e51">127</span></a>
<ul class="CategoryUL">
</ul>
</li>
<li><a href="http://empiremktxgjovhm.onion/category/categories/37/0"><input type="checkbox"/> Social Engineering<span style="float:right;color:#4a4e51">308</span></a>
<ul class="CategoryUL">
</ul>
</li>
</ul>
</li>
<li><a href="http://empiremktxgjovhm.onion/category/categories/4/0"><img height="12px" src="http://empiremktxgjovhm.onion/public/image/arrow-right.png" width="12px"/><input type="checkbox"/> Counterfeit Items<span style="float:right;color:#4a4e51">2643</span></a>
<ul class="submenu">
<li><a href="http://empiremktxgjovhm.onion/category/categories/38/0"><input type="checkbox"/> Clothing<span style="float:right;color:#4a4e51">580</span></a>
<ul class="CategoryUL">
</ul>
</li>
<li><a href="http://empiremktxgjovhm.onion/category/categories/39/0"><input type="checkbox"/> Electronics<span style="float:right;color:#4a4e51">17</span></a>
<ul class="CategoryUL">
</ul>
</li>
<li><a href="http://empiremktxgjovhm.onion/category/categories/40/0"><input type="checkbox"/> Jewelry<span style="float:right;color:#4a4e51">429</span></a>
<ul class="CategoryUL">
</ul>
</li>
<li><a href="http://empiremktxgjovhm.onion/category/categories/41/0"><input type="checkbox"/> Money<span style="float:right;color:#4a4e51">583</span></a>
<ul class="CategoryUL">
</ul>
</li>
<li><a href="http://empiremktxgjovhm.onion/category/categories/42/0"><input type="checkbox"/> Other<span style="float:right;color:#4a4e51">161</span></a>
<ul class="CategoryUL">
</ul>
</li>
<li><a href="http://empiremktxgjovhm.onion/category/categories/43/0"><input type="checkbox"/> Fake IDs<span style="float:right;color:#4a4e51">873</span></a>
<ul class="CategoryUL">
</ul>
</li>
</ul>
</li>
<li><a href="http://empiremktxgjovhm.onion/category/categories/5/0"><img height="12px" src="http://empiremktxgjovhm.onion/public/image/arrow-right.png" width="12px"/><input type="checkbox"/> Digital Products<span style="float:right;color:#4a4e51">6350</span></a>
<ul class="submenu">
<li><a href="http://empiremktxgjovhm.onion/category/categories/44/0"><input type="checkbox"/> Erotica<span style="float:right;color:#4a4e51">2073</span></a>
<ul class="CategoryUL">
</ul>
</li>
<li><a href="http://empiremktxgjovhm.onion/category/categories/45/0"><input type="checkbox"/> E-Books<span style="float:right;color:#4a4e51">656</span></a>
<ul class="CategoryUL">
</ul>
</li>
<li><a href="http://empiremktxgjovhm.onion/category/categories/46/0"><input type="checkbox"/> Fraud Software<span style="float:right;color:#4a4e51">357</span></a>
<ul class="CategoryUL">
</ul>
</li>
<li><a href="http://empiremktxgjovhm.onion/category/categories/47/0"><input type="checkbox"/> Game Keys<span style="float:right;color:#4a4e51">32</span></a>
<ul class="CategoryUL">
</ul>
</li>
<li><a href="http://empiremktxgjovhm.onion/category/categories/48/0"><input type="checkbox"/> Legit Software<span style="float:right;color:#4a4e51">720</span></a>
<ul class="CategoryUL">
</ul>
</li>
<li><a href="http://empiremktxgjovhm.onion/category/categories/49/0"><input type="checkbox"/> Other<span style="float:right;color:#4a4e51">2512</span></a>
<ul class="CategoryUL">
</ul>
</li>
</ul>
</li>
<li><a href="http://empiremktxgjovhm.onion/category/categories/6/0"><img height="12px" src="http://empiremktxgjovhm.onion/public/image/arrow-right.png" width="12px"/><input type="checkbox"/> Jewels &amp; Gold<span style="float:right;color:#4a4e51">760</span></a>
<ul class="submenu">
<li><a href="http://empiremktxgjovhm.onion/category/categories/50/0"><input type="checkbox"/> Gold<span style="float:right;color:#4a4e51">333</span></a>
<ul class="CategoryUL">
</ul>
</li>
<li><a href="http://empiremktxgjovhm.onion/category/categories/51/0"><input type="checkbox"/> Silver<span style="float:right;color:#4a4e51">14</span></a>
<ul class="CategoryUL">
</ul>
</li>
<li><a href="http://empiremktxgjovhm.onion/category/categories/52/0"><input type="checkbox"/> Other<span style="float:right;color:#4a4e51">413</span></a>
<ul class="CategoryUL">
</ul>
</li>
</ul>
</li>
<li><a href="http://empiremktxgjovhm.onion/category/categories/8/0"><img height="12px" src="http://empiremktxgjovhm.onion/public/image/arrow-right.png" width="12px"/><input type="checkbox"/> Carded Items<span style="float:right;color:#4a4e51">274</span></a>
<ul class="submenu">
<li><a href="http://empiremktxgjovhm.onion/category/categories/59/0"><input type="checkbox"/> Clothing<span style="float:right;color:#4a4e51">14</span></a>
<ul class="CategoryUL">
</ul>
</li>
<li><a href="http://empiremktxgjovhm.onion/category/categories/60/0"><input type="checkbox"/> Electronics<span style="float:right;color:#4a4e51">37</span></a>
<ul class="CategoryUL">
</ul>
</li>
<li><a href="http://empiremktxgjovhm.onion/category/categories/61/0"><input type="checkbox"/> Appliances<span style="float:right;color:#4a4e51">8</span></a>
<ul class="CategoryUL">
</ul>
</li>
<li><a href="http://empiremktxgjovhm.onion/category/categories/62/0"><input type="checkbox"/> Digital<span style="float:right;color:#4a4e51">173</span></a>
<ul class="CategoryUL">
</ul>
</li>
<li><a href="http://empiremktxgjovhm.onion/category/categories/63/0"><input type="checkbox"/> Other<span style="float:right;color:#4a4e51">42</span></a>
<ul class="CategoryUL">
</ul>
</li>
</ul>
</li>
<li><a href="http://empiremktxgjovhm.onion/category/categories/9/0"><img height="12px" src="http://empiremktxgjovhm.onion/public/image/arrow-right.png" width="12px"/><input type="checkbox"/> Services<span style="float:right;color:#4a4e51">633</span></a>
<ul class="submenu">
<li><a href="http://empiremktxgjovhm.onion/category/categories/64/0"><input type="checkbox"/> Social Engineering<span style="float:right;color:#4a4e51">117</span></a>
<ul class="CategoryUL">
</ul>
</li>
<li><a href="http://empiremktxgjovhm.onion/category/categories/65/0"><input type="checkbox"/> Carding<span style="float:right;color:#4a4e51">169</span></a>
<ul class="CategoryUL">
</ul>
</li>
<li><a href="http://empiremktxgjovhm.onion/category/categories/66/0"><input type="checkbox"/> Other<span style="float:right;color:#4a4e51">347</span></a>
<ul class="CategoryUL">
</ul>
</li>
</ul>
</li>
<li><a href="http://empiremktxgjovhm.onion/category/categories/10/0"><img height="12px" src="http://empiremktxgjovhm.onion/public/image/arrow-right.png" width="12px"/><input type="checkbox"/> Other Listings<span style="float:right;color:#4a4e51">364</span></a>
<ul class="submenu">
<li><a href="http://empiremktxgjovhm.onion/category/categories/125/0"><input type="checkbox"/> Other<span style="float:right;color:#4a4e51">364</span></a>
<ul class="CategoryUL">
</ul>
</li>
</ul>
</li>
<li><a href="http://empiremktxgjovhm.onion/category/categories/11/0"><img height="12px" src="http://empiremktxgjovhm.onion/public/image/arrow-right.png" width="12px"/><input type="checkbox"/> Software &amp; Malware<span style="float:right;color:#4a4e51">545</span></a>
<ul class="submenu">
<li><a href="http://empiremktxgjovhm.onion/category/categories/126/0"><input type="checkbox"/> Botnets &amp; Malware<span style="float:right;color:#4a4e51">141</span></a>
<ul class="CategoryUL">
</ul>
</li>
<li><a href="http://empiremktxgjovhm.onion/category/categories/127/0"><input type="checkbox"/> Exploits<span style="float:right;color:#4a4e51">39</span></a>
<ul class="CategoryUL">
</ul>
</li>
<li><a href="http://empiremktxgjovhm.onion/category/categories/128/0"><input type="checkbox"/> Exploit Kits<span style="float:right;color:#4a4e51">41</span></a>
<ul class="CategoryUL">
</ul>
</li>
<li><a href="http://empiremktxgjovhm.onion/category/categories/129/0"><input type="checkbox"/> Security Software<span style="float:right;color:#4a4e51">89</span></a>
<ul class="CategoryUL">
</ul>
</li>
<li><a href="http://empiremktxgjovhm.onion/category/categories/130/0"><input type="checkbox"/> Other<span style="float:right;color:#4a4e51">235</span></a>
<ul class="CategoryUL">
</ul>
</li>
</ul>
</li>
<li><a href="http://empiremktxgjovhm.onion/category/categories/12/0"><img height="12px" src="http://empiremktxgjovhm.onion/public/image/arrow-right.png" width="12px"/><input type="checkbox"/> Security &amp; Hosting<span style="float:right;color:#4a4e51">252</span></a>
<ul class="submenu">
<li><a href="http://empiremktxgjovhm.onion/category/categories/131/0"><input type="checkbox"/> Hosting<span style="float:right;color:#4a4e51">98</span></a>
<ul class="CategoryUL">
</ul>
</li>
<li><a href="http://empiremktxgjovhm.onion/category/categories/132/0"><input type="checkbox"/> VPN<span style="float:right;color:#4a4e51">107</span></a>
<ul class="CategoryUL">
</ul>
</li>
<li><a href="http://empiremktxgjovhm.onion/category/categories/133/0"><input type="checkbox"/> SOCKS<span style="float:right;color:#4a4e51">47</span></a>
<ul class="CategoryUL">
</ul>
</li>
</ul>
</li>
</ul>
</nav>
</div>
<div id="information">
<div class="login-Head">
<div class="loginHead-logo">
<i aria-hidden="true" class="fa fa-bar-chart padi"></i>
</div>
<div class="loginHead-head">
<h3 class="padh3"> SEARCH OPTIONS</h3>
</div>
</div>
<div class="clear"></div>
<div style="margin:0px 5px 5px 5px">
<b>Search terms:</b>
<br/>
<form accept-charset="utf-8" action="http://empiremktxgjovhm.onion/search" method="post">
<input name="title" style="width: 73%;" type="text" value=""/>
<button class="refreshqty" name="btnsearch"><i aria-hidden="true" class="fa fa-search"></i></button>
<button class="refreshqty" name="btnclear"><i aria-hidden="true" class="fa fa-refresh"></i></button>
</form></div>
<div style="margin:0px 5px 5px 5px">
<b>Product type:</b>
<br/>
<input name="p_class" type="radio" value="All"/> All
    <input name="p_class" type="radio" value="Digital"/> Digital
    <input name="p_class" type="radio" value="Physical Package"/>Physical
	<input name="p_class" type="radio" value="Auto Dispatch"/>Auto Dispatch
  </div>
<div style="margin:0px 5px 5px 5px">
<b>Price range:</b>
<br/>
<div class="padi">
      From <input min="1" name="price_f" placeholder="0.00" style="width:100px" type="number" value=""/> To  <input min="1" name="price_t" placeholder="9999.99" style="width:100px" type="number" value=""/>
</div>
</div>
<div style="margin:0px 5px 5px 5px">
<b>Category:</b>
<br/>
<div class="padi">
<select name="category">
<option value="All">Any</option>
<optgroup label="Fraud">
<option value="13">-Accounts &amp; Bank Drops</option>
<option value="14">-CVV &amp; Cards</option>
<option value="15">-Dumps</option>
<option value="16">-Other</option>
<option value="17">-Personal Information &amp; Scans</option>
</optgroup>
<optgroup label="Drugs &amp; Chemicals">
<option value="18">-Alcohol</option>
<optgroup label="Â Benzos">
<option value="69">--Pills</option>
<option value="70">--Powder</option>
<option value="71">--RC</option>
<option value="72">--Other</option>
</optgroup>
<optgroup label="Â Cannabis &amp; Hashish">
<option value="73">--Buds &amp; Flowers</option>
<option value="74">--Shake</option>
<option value="75">--Concentrates</option>
<option value="76">--Hash</option>
<option value="77">--Prerolls</option>
<option value="78">--Edibles</option>
<option value="79">--Topicals &amp; Others</option>
<option value="80">--Seeds</option>
<option value="81">--Synthetic</option>
<option value="82">--Other</option>
</optgroup>
<optgroup label="Â Dissociatives">
<option value="83">--Ketamine</option>
<option value="84">--MXE</option>
<option value="85">--Other</option>
<option value="86">--GHB</option>
</optgroup>
<optgroup label="Â Ecstasy">
<option value="87">--Pills</option>
<option value="88">--MDMA</option>
<option value="89">--MDA</option>
<option value="90">--Methylone &amp; BK</option>
<option value="91">--Other</option>
</optgroup>
<optgroup label="Â Opioids">
<option value="92">--Pills</option>
<option value="93">--Heroin</option>
<option value="94">--Fentanyl &amp; RCs</option>
<option value="95">--Other</option>
<option value="134">--Buprenorphine</option>
<option value="135">--Codeine</option>
<option value="136">--Dihydrocodeine</option>
<option value="137">--Hydrocodone</option>
<option value="138">--Hydromorphone</option>
<option value="139">--Morphine</option>
<option value="140">--Opium</option>
<option value="141">--OxyCodone</option>
</optgroup>
<optgroup label="Â Prescription">
<option value="96">--Prescription</option>
</optgroup>
<optgroup label="Â Steroids">
<option value="97">--Steroids</option>
</optgroup>
<optgroup label="Â Stimulants">
<option value="98">--Speed</option>
<option value="99">--Meth</option>
<option value="100">--Adderal &amp; Vyvanse</option>
<option value="101">--2-FA</option>
<option value="102">--Other RCs</option>
<option value="103">--Pressed Pills</option>
<option value="104">--Other</option>
<option value="105">--Cocaine</option>
<option value="106">--Crack</option>
</optgroup>
<optgroup label="Â Tobacco">
<option value="107">--Tobacco</option>
</optgroup>
<optgroup label="Â Weight Loss">
<option value="108">--Weight Loss</option>
</optgroup>
<optgroup label="Â Other">
<option value="109">--Other</option>
</optgroup>
<option value="30">-Paraphernalia</option>
<optgroup label="Â Psychedelics">
<option value="110">--LSD</option>
<option value="111">--Shrooms</option>
<option value="112">--DMT</option>
<option value="113">--Mescaline</option>
<option value="114">--LSA</option>
<option value="115">--DMA / DOX</option>
<option value="116">--NBOME</option>
<option value="117">--2C-B</option>
<option value="118">--Other RCs</option>
<option value="119">--Other</option>
</optgroup>
</optgroup>
<optgroup label="Guides &amp; Tutorials">
<option value="32">-Drugs</option>
<option value="33">-Fraud</option>
<option value="34">-Hacking</option>
<option value="35">-Other</option>
<option value="36">-Security &amp; Anonymity</option>
<option value="37">-Social Engineering</option>
</optgroup>
<optgroup label="Counterfeit Items">
<option value="38">-Clothing</option>
<option value="39">-Electronics</option>
<option value="40">-Jewelry</option>
<option value="41">-Money</option>
<option value="42">-Other</option>
<option value="43">-Fake IDs</option>
</optgroup>
<optgroup label="Digital Products">
<option value="44">-Erotica</option>
<option value="45">-E-Books</option>
<option value="46">-Fraud Software</option>
<option value="47">-Game Keys</option>
<option value="48">-Legit Software</option>
<option value="49">-Other</option>
</optgroup>
<optgroup label="Jewels &amp; Gold">
<option value="50">-Gold</option>
<option value="51">-Silver</option>
<option value="52">-Other</option>
</optgroup>
<optgroup label="Carded Items">
<option value="59">-Clothing</option>
<option value="60">-Electronics</option>
<option value="61">-Appliances</option>
<option value="62">-Digital</option>
<option value="63">-Other</option>
</optgroup>
<optgroup label="Services">
<option value="64">-Social Engineering</option>
<option value="65">-Carding</option>
<option value="66">-Other</option>
</optgroup>
<optgroup label="Other Listings">
<option value="125">-Other</option>
</optgroup>
<optgroup label="Software &amp; Malware">
<option value="126">-Botnets &amp; Malware</option>
<option value="127">-Exploits</option>
<option value="128">-Exploit Kits</option>
<option value="129">-Security Software</option>
<option value="130">-Other</option>
</optgroup>
<optgroup label="Security &amp; Hosting">
<option value="131">-Hosting</option>
<option value="132">-VPN</option>
<option value="133">-SOCKS</option>
</optgroup>
</select>
</div>
</div>
<div style="margin:0px 5px 5px 5px">
<b>Origin country:</b>
<br/>
<div class="padi">
<select name="origin" style="width:75%">
<option value="All">Any</option>
<option value="World Wide">World Wide</option>
<option value="Australia">Australia</option>
<option value="United Kingdom">United Kingdom</option>
<option value="United States">United States</option>
<option value="Europe">Europe</option>
<optgroup label="Continents">
<option value="Asia">Asia</option>
<option value="Africa">Africa</option>
<option value="Antarctica(c)">Antarctica(c)</option>
<option value="Australia(c)">Australia(c)</option>
<option value="Europe">Europe</option>
<option value="North America">North America</option>
<option value="South America">South America</option>
</optgroup>
<optgroup label="Country">
<option value="Afghanistan">Afghanistan</option>
<option value="Albania">Albania</option>
<option value="Algeria">Algeria</option>
<option value="American Samoa">American Samoa</option>
<option value="Andorra">Andorra</option>
<option value="Angola">Angola</option>
<option value="Anguilla">Anguilla</option>
<option value="Antarctica">Antarctica</option>
<option value="Antigua and Barbuda">Antigua and Barbuda</option>
<option value="Argentina">Argentina</option>
<option value="Armenia">Armenia</option>
<option value="Aruba">Aruba</option>
<option value="Australia">Australia</option>
<option value="Austria">Austria</option>
<option value="Azerbaijan">Azerbaijan</option>
<option value="Bahamas">Bahamas</option>
<option value="Bahrain">Bahrain</option>
<option value="Bangladesh">Bangladesh</option>
<option value="Barbados">Barbados</option>
<option value="Belarus">Belarus</option>
<option value="Belgium">Belgium</option>
<option value="Belize">Belize</option>
<option value="Benin">Benin</option>
<option value="Bermuda">Bermuda</option>
<option value="Bhutan">Bhutan</option>
<option value="Bolivia">Bolivia</option>
<option value="Bosnia and Herzegowina">Bosnia and Herzegowina</option>
<option value="Botswana">Botswana</option>
<option value="Bouvet Island">Bouvet Island</option>
<option value="Brazil">Brazil</option>
<option value="British Indian Ocean Territory">British Indian Ocean Territory</option>
<option value="Brunei Darussalam">Brunei Darussalam</option>
<option value="Bulgaria">Bulgaria</option>
<option value="Burkina Faso">Burkina Faso</option>
<option value="Burundi">Burundi</option>
<option value="Cambodia">Cambodia</option>
<option value="Cameroon">Cameroon</option>
<option value="Canada">Canada</option>
<option value="Cape Verde">Cape Verde</option>
<option value="Cayman Islands">Cayman Islands</option>
<option value="Central African Republic">Central African Republic</option>
<option value="Chad">Chad</option>
<option value="Chile">Chile</option>
<option value="China">China</option>
<option value="Christmas Island">Christmas Island</option>
<option value="Cocos Islands">Cocos Islands</option>
<option value="Colombia">Colombia</option>
<option value="Comoros">Comoros</option>
<option value="Congo">Congo</option>
<option value="Cook Islands">Cook Islands</option>
<option value="Costa Rica">Costa Rica</option>
<option value="Cote d'Ivoire">Cote d'Ivoire</option>
<option value="Croatia">Croatia</option>
<option value="Cuba">Cuba</option>
<option value="Cyprus">Cyprus</option>
<option value="Czech Republic">Czech Republic</option>
<option value="Denmark">Denmark</option>
<option value="Djibouti">Djibouti</option>
<option value="Dominica">Dominica</option>
<option value="Dominican Republic">Dominican Republic</option>
<option value="East Timor">East Timor</option>
<option value="Ecuador">Ecuador</option>
<option value="Egypt">Egypt</option>
<option value="El Salvador">El Salvador</option>
<option value="Equatorial Guinea">Equatorial Guinea</option>
<option value="Eritrea">Eritrea</option>
<option value="Estonia">Estonia</option>
<option value="Ethiopia">Ethiopia</option>
<option value="Falkland Islands">Falkland Islands</option>
<option value="Faroe Islands">Faroe Islands</option>
<option value="Fiji">Fiji</option>
<option value="Finland">Finland</option>
<option value="France">France</option>
<option value="France Metropolitan">France Metropolitan</option>
<option value="French Guiana">French Guiana</option>
<option value="French Polynesia">French Polynesia</option>
<option value="French Southern Territories">French Southern Territories</option>
<option value="Gabon">Gabon</option>
<option value="Gambia">Gambia</option>
<option value="Georgia">Georgia</option>
<option value="Germany">Germany</option>
<option value="Ghana">Ghana</option>
<option value="Gibraltar">Gibraltar</option>
<option value="Greece">Greece</option>
<option value="Greenland">Greenland</option>
<option value="Grenada">Grenada</option>
<option value="Guadeloupe">Guadeloupe</option>
<option value="Guam">Guam</option>
<option value="Guatemala">Guatemala</option>
<option value="Guinea">Guinea</option>
<option value="Guinea-Bissau">Guinea-Bissau</option>
<option value="Guyana">Guyana</option>
<option value="Haiti">Haiti</option>
<option value="Heard and Mc Donald Islands">Heard and Mc Donald Islands</option>
<option value="Honduras">Honduras</option>
<option value="Hong Kong">Hong Kong</option>
<option value="Hungary">Hungary</option>
<option value="Iceland">Iceland</option>
<option value="India">India</option>
<option value="Indonesia">Indonesia</option>
<option value="Iran">Iran</option>
<option value="Iraq">Iraq</option>
<option value="Ireland">Ireland</option>
<option value="Israel">Israel</option>
<option value="Italy">Italy</option>
<option value="Jamaica">Jamaica</option>
<option value="Japan">Japan</option>
<option value="Jordan">Jordan</option>
<option value="Kazakhstan">Kazakhstan</option>
<option value="Kenya">Kenya</option>
<option value="Kiribati">Kiribati</option>
<option value="Korea">Korea</option>
<option value="Kuwait">Kuwait</option>
<option value="Kyrgyzstan">Kyrgyzstan</option>
<option value="Lao">Lao</option>
<option value="Latvia">Latvia</option>
<option value="Lebanon">Lebanon</option>
<option value="Lesotho">Lesotho</option>
<option value="Liberia">Liberia</option>
<option value="Libyan Arab Jamahiriya">Libyan Arab Jamahiriya</option>
<option value="Liechtenstein">Liechtenstein</option>
<option value="Lithuania">Lithuania</option>
<option value="Luxembourg">Luxembourg</option>
<option value="Macau">Macau</option>
<option value="Macedonia">Macedonia</option>
<option value="Madagascar">Madagascar</option>
<option value="Malawi">Malawi</option>
<option value="Malaysia">Malaysia</option>
<option value="Maldives">Maldives</option>
<option value="Mali">Mali</option>
<option value="Malta">Malta</option>
<option value="Marshall Islands">Marshall Islands</option>
<option value="Martinique">Martinique</option>
<option value="Mauritania">Mauritania</option>
<option value="Mauritius">Mauritius</option>
<option value="Mayotte">Mayotte</option>
<option value="Mexico">Mexico</option>
<option value="Micronesia">Micronesia</option>
<option value="Moldova">Moldova</option>
<option value="Monaco">Monaco</option>
<option value="Mongolia">Mongolia</option>
<option value="Montserrat">Montserrat</option>
<option value="Morocco">Morocco</option>
<option value="Mozambique">Mozambique</option>
<option value="Myanmar">Myanmar</option>
<option value="Namibia">Namibia</option>
<option value="Nauru">Nauru</option>
<option value="Nepal">Nepal</option>
<option value="Netherlands">Netherlands</option>
<option value="Netherlands Antilles">Netherlands Antilles</option>
<option value="New Caledonia">New Caledonia</option>
<option value="New Zealand">New Zealand</option>
<option value="Nicaragua">Nicaragua</option>
<option value="Niger">Niger</option>
<option value="Nigeria">Nigeria</option>
<option value="Niue">Niue</option>
<option value="Norfolk Island">Norfolk Island</option>
<option value="Northern Mariana Islands">Northern Mariana Islands</option>
<option value="Norway">Norway</option>
<option value="Oman">Oman</option>
<option value="Pakistan">Pakistan</option>
<option value="Palau">Palau</option>
<option value="Panama">Panama</option>
<option value="Papua New Guinea">Papua New Guinea</option>
<option value="Paraguay">Paraguay</option>
<option value="Peru">Peru</option>
<option value="Philippines">Philippines</option>
<option value="Pitcairn">Pitcairn</option>
<option value="Poland">Poland</option>
<option value="Portugal">Portugal</option>
<option value="Puerto Rico">Puerto Rico</option>
<option value="Qatar">Qatar</option>
<option value="Reunion">Reunion</option>
<option value="Romania">Romania</option>
<option value="Russian Federation">Russian Federation</option>
<option value="Rwanda">Rwanda</option>
<option value="Saint Kitts and Nevis">Saint Kitts and Nevis</option>
<option value="Saint Lucia">Saint Lucia</option>
<option value="Saint Vincent and the Grenadines">Saint Vincent and the Grenadines</option>
<option value="Samoa">Samoa</option>
<option value="San Marino">San Marino</option>
<option value="Sao Tome and Principe">Sao Tome and Principe</option>
<option value="Saudi Arabia">Saudi Arabia</option>
<option value="Senegal">Senegal</option>
<option value="Seychelles">Seychelles</option>
<option value="Sierra Leone">Sierra Leone</option>
<option value="Singapore">Singapore</option>
<option value="Slovakia">Slovakia</option>
<option value="Slovenia">Slovenia</option>
<option value="Solomon Islands">Solomon Islands</option>
<option value="Somalia">Somalia</option>
<option value="South Africa">South Africa</option>
<option value="South Georgia">South Georgia</option>
<option value="Spain">Spain</option>
<option value="Sri Lanka">Sri Lanka</option>
<option value="St. Helena">St. Helena</option>
<option value="St. Pierre and Miquelon">St. Pierre and Miquelon</option>
<option value="Sudan">Sudan</option>
<option value="Suriname">Suriname</option>
<option value="Svalbard and Jan Mayen Islands">Svalbard and Jan Mayen Islands</option>
<option value="Swaziland">Swaziland</option>
<option value="Sweden">Sweden</option>
<option value="Switzerland">Switzerland</option>
<option value="Syrian Arab Republic">Syrian Arab Republic</option>
<option value="Taiwan">Taiwan</option>
<option value="Tajikistan">Tajikistan</option>
<option value="Tanzania">Tanzania</option>
<option value="Thailand">Thailand</option>
<option value="Togo">Togo</option>
<option value="Tokelau">Tokelau</option>
<option value="Tonga">Tonga</option>
<option value="Trinidad and Tobago">Trinidad and Tobago</option>
<option value="Tunisia">Tunisia</option>
<option value="Turkey">Turkey</option>
<option value="Turkmenistan">Turkmenistan</option>
<option value="Turks and Caicos Islands">Turks and Caicos Islands</option>
<option value="Tuvalu">Tuvalu</option>
<option value="Uganda">Uganda</option>
<option value="Ukraine">Ukraine</option>
<option value="United Arab Emirates">United Arab Emirates</option>
<option value="United Kingdom">United Kingdom</option>
<option value="United States">United States</option>
<option value="United States Islands">United States Islands</option>
<option value="Uruguay">Uruguay</option>
<option value="Uzbekistan">Uzbekistan</option>
<option value="Vanuatu">Vanuatu</option>
<option value="Vatican City State">Vatican City State</option>
<option value="Venezuela">Venezuela</option>
<option value="Vietnam">Vietnam</option>
<option value="Virgin Islands (British)">Virgin Islands (British)</option>
<option value="Virgin Islands (U.S.)">Virgin Islands (U.S.)</option>
<option value="Wallis and Futuna Islands">Wallis and Futuna Islands</option>
<option value="Western Sahara">Western Sahara</option>
<option value="Yemen">Yemen</option>
<option value="Yugoslavia">Yugoslavia</option>
<option value="Zambia">Zambia</option>
<option value="Zimbabwe">Zimbabwe</option>
</optgroup>
</select>
</div>
</div>
<div style="margin:0px 5px 5px 5px">
<b>Ships To:</b>
<br/>
<div class="padi">
<select name="ship" style="width:75%">
<option value="All">Any</option>
<option value="World Wide">World Wide</option>
<option value="Australia">Australia</option>
<option value="United Kingdom">United Kingdom</option>
<option value="United States">United States</option>
<option value="Europe">Europe</option>
<optgroup label="Continents">
<option value="Asia">Asia</option>
<option value="Africa">Africa</option>
<option value="Antarctica(c)">Antarctica(c)</option>
<option value="Australia(c)">Australia(c)</option>
<option value="Europe">Europe</option>
<option value="North America">North America</option>
<option value="South America">South America</option>
</optgroup>
<optgroup label="Country">
<option value="Afghanistan">Afghanistan</option>
<option value="Albania">Albania</option>
<option value="Algeria">Algeria</option>
<option value="American Samoa">American Samoa</option>
<option value="Andorra">Andorra</option>
<option value="Angola">Angola</option>
<option value="Anguilla">Anguilla</option>
<option value="Antarctica">Antarctica</option>
<option value="Antigua and Barbuda">Antigua and Barbuda</option>
<option value="Argentina">Argentina</option>
<option value="Armenia">Armenia</option>
<option value="Aruba">Aruba</option>
<option value="Australia">Australia</option>
<option value="Austria">Austria</option>
<option value="Azerbaijan">Azerbaijan</option>
<option value="Bahamas">Bahamas</option>
<option value="Bahrain">Bahrain</option>
<option value="Bangladesh">Bangladesh</option>
<option value="Barbados">Barbados</option>
<option value="Belarus">Belarus</option>
<option value="Belgium">Belgium</option>
<option value="Belize">Belize</option>
<option value="Benin">Benin</option>
<option value="Bermuda">Bermuda</option>
<option value="Bhutan">Bhutan</option>
<option value="Bolivia">Bolivia</option>
<option value="Bosnia and Herzegowina">Bosnia and Herzegowina</option>
<option value="Botswana">Botswana</option>
<option value="Bouvet Island">Bouvet Island</option>
<option value="Brazil">Brazil</option>
<option value="British Indian Ocean Territory">British Indian Ocean Territory</option>
<option value="Brunei Darussalam">Brunei Darussalam</option>
<option value="Bulgaria">Bulgaria</option>
<option value="Burkina Faso">Burkina Faso</option>
<option value="Burundi">Burundi</option>
<option value="Cambodia">Cambodia</option>
<option value="Cameroon">Cameroon</option>
<option value="Canada">Canada</option>
<option value="Cape Verde">Cape Verde</option>
<option value="Cayman Islands">Cayman Islands</option>
<option value="Central African Republic">Central African Republic</option>
<option value="Chad">Chad</option>
<option value="Chile">Chile</option>
<option value="China">China</option>
<option value="Christmas Island">Christmas Island</option>
<option value="Cocos Islands">Cocos Islands</option>
<option value="Colombia">Colombia</option>
<option value="Comoros">Comoros</option>
<option value="Congo">Congo</option>
<option value="Cook Islands">Cook Islands</option>
<option value="Costa Rica">Costa Rica</option>
<option value="Cote d'Ivoire">Cote d'Ivoire</option>
<option value="Croatia">Croatia</option>
<option value="Cuba">Cuba</option>
<option value="Cyprus">Cyprus</option>
<option value="Czech Republic">Czech Republic</option>
<option value="Denmark">Denmark</option>
<option value="Djibouti">Djibouti</option>
<option value="Dominica">Dominica</option>
<option value="Dominican Republic">Dominican Republic</option>
<option value="East Timor">East Timor</option>
<option value="Ecuador">Ecuador</option>
<option value="Egypt">Egypt</option>
<option value="El Salvador">El Salvador</option>
<option value="Equatorial Guinea">Equatorial Guinea</option>
<option value="Eritrea">Eritrea</option>
<option value="Estonia">Estonia</option>
<option value="Ethiopia">Ethiopia</option>
<option value="Falkland Islands">Falkland Islands</option>
<option value="Faroe Islands">Faroe Islands</option>
<option value="Fiji">Fiji</option>
<option value="Finland">Finland</option>
<option value="France">France</option>
<option value="France Metropolitan">France Metropolitan</option>
<option value="French Guiana">French Guiana</option>
<option value="French Polynesia">French Polynesia</option>
<option value="French Southern Territories">French Southern Territories</option>
<option value="Gabon">Gabon</option>
<option value="Gambia">Gambia</option>
<option value="Georgia">Georgia</option>
<option value="Germany">Germany</option>
<option value="Ghana">Ghana</option>
<option value="Gibraltar">Gibraltar</option>
<option value="Greece">Greece</option>
<option value="Greenland">Greenland</option>
<option value="Grenada">Grenada</option>
<option value="Guadeloupe">Guadeloupe</option>
<option value="Guam">Guam</option>
<option value="Guatemala">Guatemala</option>
<option value="Guinea">Guinea</option>
<option value="Guinea-Bissau">Guinea-Bissau</option>
<option value="Guyana">Guyana</option>
<option value="Haiti">Haiti</option>
<option value="Heard and Mc Donald Islands">Heard and Mc Donald Islands</option>
<option value="Honduras">Honduras</option>
<option value="Hong Kong">Hong Kong</option>
<option value="Hungary">Hungary</option>
<option value="Iceland">Iceland</option>
<option value="India">India</option>
<option value="Indonesia">Indonesia</option>
<option value="Iran">Iran</option>
<option value="Iraq">Iraq</option>
<option value="Ireland">Ireland</option>
<option value="Israel">Israel</option>
<option value="Italy">Italy</option>
<option value="Jamaica">Jamaica</option>
<option value="Japan">Japan</option>
<option value="Jordan">Jordan</option>
<option value="Kazakhstan">Kazakhstan</option>
<option value="Kenya">Kenya</option>
<option value="Kiribati">Kiribati</option>
<option value="Korea">Korea</option>
<option value="Kuwait">Kuwait</option>
<option value="Kyrgyzstan">Kyrgyzstan</option>
<option value="Lao">Lao</option>
<option value="Latvia">Latvia</option>
<option value="Lebanon">Lebanon</option>
<option value="Lesotho">Lesotho</option>
<option value="Liberia">Liberia</option>
<option value="Libyan Arab Jamahiriya">Libyan Arab Jamahiriya</option>
<option value="Liechtenstein">Liechtenstein</option>
<option value="Lithuania">Lithuania</option>
<option value="Luxembourg">Luxembourg</option>
<option value="Macau">Macau</option>
<option value="Macedonia">Macedonia</option>
<option value="Madagascar">Madagascar</option>
<option value="Malawi">Malawi</option>
<option value="Malaysia">Malaysia</option>
<option value="Maldives">Maldives</option>
<option value="Mali">Mali</option>
<option value="Malta">Malta</option>
<option value="Marshall Islands">Marshall Islands</option>
<option value="Martinique">Martinique</option>
<option value="Mauritania">Mauritania</option>
<option value="Mauritius">Mauritius</option>
<option value="Mayotte">Mayotte</option>
<option value="Mexico">Mexico</option>
<option value="Micronesia">Micronesia</option>
<option value="Moldova">Moldova</option>
<option value="Monaco">Monaco</option>
<option value="Mongolia">Mongolia</option>
<option value="Montserrat">Montserrat</option>
<option value="Morocco">Morocco</option>
<option value="Mozambique">Mozambique</option>
<option value="Myanmar">Myanmar</option>
<option value="Namibia">Namibia</option>
<option value="Nauru">Nauru</option>
<option value="Nepal">Nepal</option>
<option value="Netherlands">Netherlands</option>
<option value="Netherlands Antilles">Netherlands Antilles</option>
<option value="New Caledonia">New Caledonia</option>
<option value="New Zealand">New Zealand</option>
<option value="Nicaragua">Nicaragua</option>
<option value="Niger">Niger</option>
<option value="Nigeria">Nigeria</option>
<option value="Niue">Niue</option>
<option value="Norfolk Island">Norfolk Island</option>
<option value="Northern Mariana Islands">Northern Mariana Islands</option>
<option value="Norway">Norway</option>
<option value="Oman">Oman</option>
<option value="Pakistan">Pakistan</option>
<option value="Palau">Palau</option>
<option value="Panama">Panama</option>
<option value="Papua New Guinea">Papua New Guinea</option>
<option value="Paraguay">Paraguay</option>
<option value="Peru">Peru</option>
<option value="Philippines">Philippines</option>
<option value="Pitcairn">Pitcairn</option>
<option value="Poland">Poland</option>
<option value="Portugal">Portugal</option>
<option value="Puerto Rico">Puerto Rico</option>
<option value="Qatar">Qatar</option>
<option value="Reunion">Reunion</option>
<option value="Romania">Romania</option>
<option value="Russian Federation">Russian Federation</option>
<option value="Rwanda">Rwanda</option>
<option value="Saint Kitts and Nevis">Saint Kitts and Nevis</option>
<option value="Saint Lucia">Saint Lucia</option>
<option value="Saint Vincent and the Grenadines">Saint Vincent and the Grenadines</option>
<option value="Samoa">Samoa</option>
<option value="San Marino">San Marino</option>
<option value="Sao Tome and Principe">Sao Tome and Principe</option>
<option value="Saudi Arabia">Saudi Arabia</option>
<option value="Senegal">Senegal</option>
<option value="Seychelles">Seychelles</option>
<option value="Sierra Leone">Sierra Leone</option>
<option value="Singapore">Singapore</option>
<option value="Slovakia">Slovakia</option>
<option value="Slovenia">Slovenia</option>
<option value="Solomon Islands">Solomon Islands</option>
<option value="Somalia">Somalia</option>
<option value="South Africa">South Africa</option>
<option value="South Georgia">South Georgia</option>
<option value="Spain">Spain</option>
<option value="Sri Lanka">Sri Lanka</option>
<option value="St. Helena">St. Helena</option>
<option value="St. Pierre and Miquelon">St. Pierre and Miquelon</option>
<option value="Sudan">Sudan</option>
<option value="Suriname">Suriname</option>
<option value="Svalbard and Jan Mayen Islands">Svalbard and Jan Mayen Islands</option>
<option value="Swaziland">Swaziland</option>
<option value="Sweden">Sweden</option>
<option value="Switzerland">Switzerland</option>
<option value="Syrian Arab Republic">Syrian Arab Republic</option>
<option value="Taiwan">Taiwan</option>
<option value="Tajikistan">Tajikistan</option>
<option value="Tanzania">Tanzania</option>
<option value="Thailand">Thailand</option>
<option value="Togo">Togo</option>
<option value="Tokelau">Tokelau</option>
<option value="Tonga">Tonga</option>
<option value="Trinidad and Tobago">Trinidad and Tobago</option>
<option value="Tunisia">Tunisia</option>
<option value="Turkey">Turkey</option>
<option value="Turkmenistan">Turkmenistan</option>
<option value="Turks and Caicos Islands">Turks and Caicos Islands</option>
<option value="Tuvalu">Tuvalu</option>
<option value="Uganda">Uganda</option>
<option value="Ukraine">Ukraine</option>
<option value="United Arab Emirates">United Arab Emirates</option>
<option value="United Kingdom">United Kingdom</option>
<option value="United States">United States</option>
<option value="United States Islands">United States Islands</option>
<option value="Uruguay">Uruguay</option>
<option value="Uzbekistan">Uzbekistan</option>
<option value="Vanuatu">Vanuatu</option>
<option value="Vatican City State">Vatican City State</option>
<option value="Venezuela">Venezuela</option>
<option value="Vietnam">Vietnam</option>
<option value="Virgin Islands (British)">Virgin Islands (British)</option>
<option value="Virgin Islands (U.S.)">Virgin Islands (U.S.)</option>
<option value="Wallis and Futuna Islands">Wallis and Futuna Islands</option>
<option value="Western Sahara">Western Sahara</option>
<option value="Yemen">Yemen</option>
<option value="Yugoslavia">Yugoslavia</option>
<option value="Zambia">Zambia</option>
<option value="Zimbabwe">Zimbabwe</option>
</optgroup>
</select>
</div>
</div>
<div style="margin:0px 5px 5px 5px">
<b>Order By:</b>
<br/>
<div class="padi">
<select name="order" style="width:55%">
<option value="All">Any</option>
<option value="Date Desc">Date Desc</option>
<option value="Date Asc">Date Asc</option>
<option value="Price Desc">Price Desc</option>
<option value="Price Asc">Price Asc</option>
</select>
</div>
</div>
<div style="margin:0px 5px 5px 5px">
<b>In Stock:</b>
<br/>
<div class="padi">
<select name="stock" style="width:66%">
<option value="All">Any</option>
<option value="Yes">Yes</option>
<option value="No">No</option>
</select>
</div>
</div>
<div style="margin:0px 5px 5px 5px">
<b>Payment:</b>
<br/>
<div class="padi">
<select name="payment" style="width:66%">
<option value="All">Any</option>
<option value="escrow">Escrow</option>
<option value="fe">FE</option>
<option value="multisig">MultiSig</option>
</select>
</div>
</div>
<div style="margin:0px 5px 5px 5px">
<b>Coin:</b>
<br/>
<div class="padi">
<select name="coin" style="width:66%">
<option value="All">Any</option>
<option value="bitcoin">Bitcoin</option>
<option value="litecoin">Litecoin</option>
<option value="monero">Monero</option>
</select>
</div>
</div>
<div style="margin:0px 5px 5px 5px">
<b>Verified:</b>
<br/>
<div class="padi">
<select name="verified" style="width:66%">
<option value="No">No</option>
<option value="Yes">Yes</option>
</select>
</div>
</div>
<div style="margin:0px 5px 5px 5px">
<b>Vendor Trust Level:</b>
<br/>
<div class="padi">
<select name="level_f" style="width:35%">
<option value="1">1</option>
<option value="2">2</option>
<option value="3">3</option>
<option value="4">4</option>
<option value="5">5</option>
<option value="6">6</option>
<option value="7">7</option>
<option value="8">8</option>
<option value="9">9</option>
<option value="10">10</option>
</select> To 
      <select name="level_t" style="width:35%">
<option value="10">10</option>
<option value="9">9</option>
<option value="8">8</option>
<option value="7">7</option>
<option value="6">6</option>
<option value="5">5</option>
<option value="4">4</option>
<option value="3">3</option>
<option value="2">2</option>
<option value="1">1</option>
</select>
</div>
</div>
</div></div></div>
<div id="information">
<div class="login-Head">
<div class="loginHead-logo">
<i aria-hidden="true" class="fa fa-bitcoin padi"></i>
</div>
<div class="loginHead-head">
<h3 class="padh3"> EXCHANGE RATES</h3>
</div>
</div>
<div class="clear"></div>
<div class="statistics">
<h3 class="padp">Bitcoin (BTC)</h3>
<p class="padp"> United States Dollar (USD)
			<span class="float-right boldstats">
<font color="#00bb00">
					8271.40				</font>
</span>
</p>
<p class="padp"> Canadian Dollar (CAD)
			<span class="float-right boldstats">
<font color="#00bb00">
					10925.60				</font>
</span>
</p>
<p class="padp"> Euro (EUR)
			<span class="float-right boldstats">
<font color="#00bb00">
					7509.34				</font>
</span>
</p>
<p class="padp"> Australian Dollar (AUD)
			<span class="float-right boldstats">
<font color="#00bb00">
					12244.40				</font>
</span>
</p>
<p class="padp"> British Pound (GBP)
			<span class="float-right boldstats">
<font color="#00bb00">
					6594.03				</font>
</span>
</p>
<p class="padp"> <a href="http://empiremktxgjovhm.onion/balance/bitcoin">Deposits &amp; Withdrawals</a></p>
</div>
<div class="statistics">
<h3 class="padp">Litecoin (LTC)</h3>
<p class="padp"> United States Dollar (USD)
			<span class="float-right boldstats">
<font color="#00bb00">
					56.86				</font>
</span>
</p>
<p class="padp"> Canadian Dollar (CAD)
			<span class="float-right boldstats">
<font color="#00bb00">
					75.14				</font>
</span>
</p>
<p class="padp"> Euro (EUR)
			<span class="float-right boldstats">
<font color="#00bb00">
					51.57				</font>
</span>
</p>
<p class="padp"> Australian Dollar (AUD)
			<span class="float-right boldstats">
<font color="#00bb00">
					84.20				</font>
</span>
</p>
<p class="padp"> British Pound (GBP)
			<span class="float-right boldstats">
<font color="#00bb00">
					45.36				</font>
</span>
</p>
<p class="padp"> <a href="http://empiremktxgjovhm.onion/balance/litecoin">Deposits &amp; Withdrawals</a></p>
</div>
<div class="statistics">
<h3 class="padp">Monero (XMR)</h3>
<p class="padp"> United States Dollar (USD)
			<span class="float-right boldstats">
<font color="#bb0000">
					53.38				</font>
</span>
</p>
<p class="padp"> Canadian Dollar (CAD)
			<span class="float-right boldstats">
<font color="#bb0000">
					70.53				</font>
</span>
</p>
<p class="padp"> Euro (EUR)
			<span class="float-right boldstats">
<font color="#bb0000">
					48.40				</font>
</span>
</p>
<p class="padp"> Australian Dollar (AUD)
			<span class="float-right boldstats">
<font color="#bb0000">
					79.04				</font>
</span>
</p>
<p class="padp"> British Pound (GBP)
			<span class="float-right boldstats">
<font color="#00bb00">
					42.63				</font>
</span>
</p>
<p class="padp"> <a href="http://empiremktxgjovhm.onion/balance/monero">Deposits &amp; Withdrawals</a></p>
</div>
<div class="statistics">
<p class="padp"> <font color="gray" size="1px">The above rates are updated every 15 minutes and taken using a weighted average of major exchange platforms. </font></p>
</div>
</div>

<div class="right-content">
              			  
			  Sort: <a href="http://empiremktxgjovhm.onion/category/categories/2/price_asc">Price Low to High</a> - <a href="http://empiremktxgjovhm.onion/category/categories/2/price_desc">Price High to Low</a>
<div class="col-1search">
<a href="http://empiremktxgjovhm.onion/product/17685/111/84252">
<div class="col-1search-img">
<img alt="" src="http://empiremktxgjovhm.onion/public/uploads/2018/12/03/1543799555HorCYQgleYVBdc3AYVzH-100_100.jpg"/>
<!--<img src="">-->
</div>
</a>
<div class="col-1centre">
<div class="head">
<font color="green"><b>[MS] </b></font><a href="http://empiremktxgjovhm.onion/product/17685/111/84252">LIQUID MUSHROOMS (Pure Psilocybin Extract) No Nausea, Faster Trip</a>
<p class="padp">Item # 17685 - Psychedelics /
							   Shrooms - <a href="http://empiremktxgjovhm.onion/u/TripWithScience">TripWithScience</a> (1706)</p>
<br/>
<b>Views:</b> 33179 / <b>Sales:</b> 1842 <br/>
<b>Quantity left:</b> Unlimited							   
							   							   
                           </div>
</div>
<div class="col-1right">
<b>Buy Price</b>
<p class="bold padp">USD <a>19.95</a></p>
<p class="padp">(0.002412 BTC)</p>
<p class="padp">
<img height="18px" src="http://empiremktxgjovhm.onion/public/image/btc_small.png" width="18px">
<img height="18px" src="http://empiremktxgjovhm.onion/public/image/ltc_small.png" width="18px">
<img height="18px" src="http://empiremktxgjovhm.onion/public/image/xmr_small.png" width="18px">
</img></img></img></p>
</div>
</div>
<div class="col-1search">
<a href="http://empiremktxgjovhm.onion/product/23951/105/147434">
<div class="col-1search-img">
<img alt="" src="http://empiremktxgjovhm.onion/public/uploads/2019/03/27/1553685559NW0Sz9tyMdAXHMub96G8-100_100.jpg"/>
<!--<img src="">-->
</div>
</a>
<div class="col-1centre">
<div class="head">
<a href="http://empiremktxgjovhm.onion/product/23951/105/147434">UNCUT Peruvian 89% FISHSCALE COCAINE 1g</a>
<p class="padp">Item # 23951 - Stimulants /
							   Cocaine - <a href="http://empiremktxgjovhm.onion/u/NextGeneration">NextGeneration</a> (13697)</p>
<br/>
<b>Views:</b> 16997 / <b>Sales:</b> 1786 <br/>
<b>Quantity left:</b> Unlimited							   
							   							   
                           </div>
</div>
<div class="col-1right">
<b>Buy Price</b>
<p class="bold padp">USD <a>81.53</a></p>
<p class="padp">(0.009857 BTC)</p>
<p class="padp">
<img height="18px" src="http://empiremktxgjovhm.onion/public/image/btc_small.png" width="18px">
<img height="18px" src="http://empiremktxgjovhm.onion/public/image/ltc_small.png" width="18px">
<img height="18px" src="http://empiremktxgjovhm.onion/public/image/xmr_small.png" width="18px">
</img></img></img></p>
</div>
</div>
<div class="col-1search">
<a href="http://empiremktxgjovhm.onion/product/49493/141/188784">
<div class="col-1search-img">
<img alt="" src="http://empiremktxgjovhm.onion/public/uploads/2019/05/12/1557630435WBMb85WoajLG5g96dGK7-100_100.jpeg"/>
<!--<img src="">-->
</div>
</a>
<div class="col-1centre">
<div class="head">
<a href="http://empiremktxgjovhm.onion/product/49493/141/188784">oxycodone V 48/12 imprint pressed V30 M30</a>
<p class="padp">Item # 49493 - Opioids /
							   OxyCodone - <a href="http://empiremktxgjovhm.onion/u/PolarSprings">PolarSprings</a> (1608)</p>
<br/>
<b>Views:</b> 24169 / <b>Sales:</b> 1666 <br/>
<b>Quantity left:</b> Unlimited							   
							   							   
                           </div>
</div>
<div class="col-1right">
<b>Buy Price</b>
<p class="bold padp">USD <a>9.00</a></p>
<p class="padp">(0.001088 BTC)</p>
<p class="padp">
<img height="18px" src="http://empiremktxgjovhm.onion/public/image/btc_small.png" width="18px">
</img></p>
</div>
</div>
<div class="col-1search">
<a href="http://empiremktxgjovhm.onion/product/30779/88/164102">
<div class="col-1search-img">
<img alt="" src="http://empiremktxgjovhm.onion/public/uploads/2019/08/24/15665868430ZuTElT4NPaAdKoXEiHz-100_100.jpeg"/>
<!--<img src="">-->
</div>
</a>
<div class="col-1centre">
<div class="head">
<a href="http://empiremktxgjovhm.onion/product/30779/88/164102">ðŸ’›ðŸ‡¬ðŸ‡§ DCUK 3.5G -28G  PURE PLATINUM MDMA 92% UK NDD [FLASH PROMOTION] ðŸ‡¬ðŸ‡§ðŸ’›</a>
<p class="padp">Item # 30779 - Ecstasy /
							   MDMA - <a href="http://empiremktxgjovhm.onion/u/DCUKConnection">DCUKConnection</a> (13418)</p>
<br/>
<b>Views:</b> 35352 / <b>Sales:</b> 1628 <br/>
<b>Quantity left:</b> Unlimited							   
							   							   
                           </div>
</div>
<div class="col-1right">
<b>Buy Price</b>
<p class="bold padp">USD <a>6.27</a></p>
<p class="padp">(0.000758 BTC)</p>
<p class="padp">
<img height="18px" src="http://empiremktxgjovhm.onion/public/image/btc_small.png" width="18px">
<img height="18px" src="http://empiremktxgjovhm.onion/public/image/ltc_small.png" width="18px">
<img height="18px" src="http://empiremktxgjovhm.onion/public/image/xmr_small.png" width="18px">
</img></img></img></p>
</div>
</div>
<div class="col-1search">
<a href="http://empiremktxgjovhm.onion/product/44085/105/150285">
<div class="col-1search-img">
<img alt="" src="http://empiremktxgjovhm.onion/public/uploads/2019/10/09/1570599153xd8QLUO3JtmInVh6qilL-100_100.jpg"/>
<!--<img src="">-->
</div>
</a>
<div class="col-1centre">
<div class="head">
<a href="http://empiremktxgjovhm.onion/product/44085/105/150285">1 gram Cocaine - Uncut from the Brick</a>
<p class="padp">Item # 44085 - Stimulants /
							   Cocaine - <a href="http://empiremktxgjovhm.onion/u/Insta">Insta</a> (3497)</p>
<br/>
<b>Views:</b> 16794 / <b>Sales:</b> 1562 <br/>
<b>Quantity left:</b> Unlimited							   
							   							   
                           </div>
</div>
<div class="col-1right">
<b>Buy Price</b>
<p class="bold padp">USD <a>60.00</a></p>
<p class="padp">(0.007254 BTC)</p>
<p class="padp">
<img height="18px" src="http://empiremktxgjovhm.onion/public/image/btc_small.png" width="18px">
<img height="18px" src="http://empiremktxgjovhm.onion/public/image/ltc_small.png" width="18px">
<img height="18px" src="http://empiremktxgjovhm.onion/public/image/xmr_small.png" width="18px">
</img></img></img></p>
</div>
</div>
<div class="col-1search">
<a href="http://empiremktxgjovhm.onion/product/52629/78/196303">
<div class="col-1search-img">
<img alt="" src="http://empiremktxgjovhm.onion/public/uploads/2019/05/12/1557618746cE9n8Qhan1VAILxWDfLc-100_100.jpg"/>
<!--<img src="">-->
</div>
</a>
<div class="col-1centre">
<div class="head">
<font color="green"><b>[MS] </b></font><a href="http://empiremktxgjovhm.onion/product/52629/78/196303">50x-5000x 4mg THC World Famous Sour Organic Gummy Bears</a>
<p class="padp">Item # 52629 - Cannabis &amp; Hashish /
							   Edibles - <a href="http://empiremktxgjovhm.onion/u/TreesNTreats">TreesNTreats</a> (4660)</p>
<br/>
<b>Views:</b> 18324 / <b>Sales:</b> 1482 <br/>
<b>Quantity left:</b> Unlimited							   
							   							   
                           </div>
</div>
<div class="col-1right">
<b>Buy Price</b>
<p class="bold padp">USD <a>20.00</a></p>
<p class="padp">(0.002418 BTC)</p>
<p class="padp">
<img height="18px" src="http://empiremktxgjovhm.onion/public/image/btc_small.png" width="18px">
<img height="18px" src="http://empiremktxgjovhm.onion/public/image/ltc_small.png" width="18px">
<img height="18px" src="http://empiremktxgjovhm.onion/public/image/xmr_small.png" width="18px">
</img></img></img></p>
</div>
</div>
<div class="col-1search">
<a href="http://empiremktxgjovhm.onion/product/97172/73/213567">
<div class="col-1search-img">
<img alt="" src="http://empiremktxgjovhm.onion/public/uploads/2019/09/13/1568348724s2Okf4HcfYCtSgi4tqCZ-100_100.jpg"/>
<!--<img src="">-->
</div>
</a>
<div class="col-1centre">
<div class="head">
<a href="http://empiremktxgjovhm.onion/product/97172/73/213567">â˜…OG KUSHâ˜… 1LB - (Indoor) (Free Tracking!!) (Top Shelf A++)</a>
<p class="padp">Item # 97172 - Cannabis &amp; Hashish /
							   Buds &amp; Flowers - <a href="http://empiremktxgjovhm.onion/u/HumboldtGrower">HumboldtGrower</a> (5613)</p>
<br/>
<b>Views:</b> 7678 / <b>Sales:</b> 1450 <br/>
<b>Quantity left:</b> Unlimited							   
							   							   
                           </div>
</div>
<div class="col-1right">
<b>Buy Price</b>
<p class="bold padp">USD <a>1,799.00</a></p>
<p class="padp">(0.217496 BTC)</p>
<p class="padp">
<img height="18px" src="http://empiremktxgjovhm.onion/public/image/btc_small.png" width="18px">
<img height="18px" src="http://empiremktxgjovhm.onion/public/image/ltc_small.png" width="18px">
<img height="18px" src="http://empiremktxgjovhm.onion/public/image/xmr_small.png" width="18px">
</img></img></img></p>
</div>
</div>
<div class="col-1search">
<a href="http://empiremktxgjovhm.onion/product/69574/110/310497">
<div class="col-1search-img">
<img alt="" src="http://empiremktxgjovhm.onion/public/uploads/2019/07/25/1563991891RcWoQvHzqrvnLWpvPFQH-100_100.jpg"/>
<!--<img src="">-->
</div>
</a>
<div class="col-1centre">
<div class="head">
<a href="http://empiremktxgjovhm.onion/product/69574/110/310497">10x California Sunshine LSD Blotters - 200ug - BULK DISCOUNT</a>
<p class="padp">Item # 69574 - Psychedelics /
							   LSD - <a href="http://empiremktxgjovhm.onion/u/Primark">Primark</a> (1626)</p>
<br/>
<b>Views:</b> 20782 / <b>Sales:</b> 1445 <br/>
<b>Quantity left:</b> Unlimited							   
							   							   
                           </div>
</div>
<div class="col-1right">
<b>Buy Price</b>
<p class="bold padp">USD <a>20.93</a></p>
<p class="padp">(0.002530 BTC)</p>
<p class="padp">
<img height="18px" src="http://empiremktxgjovhm.onion/public/image/btc_small.png" width="18px">
<img height="18px" src="http://empiremktxgjovhm.onion/public/image/ltc_small.png" width="18px">
<img height="18px" src="http://empiremktxgjovhm.onion/public/image/xmr_small.png" width="18px">
</img></img></img></p>
</div>
</div>
<div class="col-1search">
<a href="http://empiremktxgjovhm.onion/product/24402/98/147434">
<div class="col-1search-img">
<img alt="" src="http://empiremktxgjovhm.onion/public/uploads/2019/03/29/1553822854svbgZZmpqKWj9dKipxEy-100_100.jpg"/>
<!--<img src="">-->
</div>
</a>
<div class="col-1centre">
<div class="head">
<a href="http://empiremktxgjovhm.onion/product/24402/98/147434">Pure Speed POWDER 3.5g NOT PASTE Free UK NDD</a>
<p class="padp">Item # 24402 - Stimulants /
							   Speed - <a href="http://empiremktxgjovhm.onion/u/NextGeneration">NextGeneration</a> (13697)</p>
<br/>
<b>Views:</b> 12016 / <b>Sales:</b> 1437 <br/>
<b>Quantity left:</b> Unlimited							   
							   							   
                           </div>
</div>
<div class="col-1right">
<b>Buy Price</b>
<p class="bold padp">USD <a>18.82</a></p>
<p class="padp">(0.002275 BTC)</p>
<p class="padp">
<img height="18px" src="http://empiremktxgjovhm.onion/public/image/btc_small.png" width="18px">
<img height="18px" src="http://empiremktxgjovhm.onion/public/image/ltc_small.png" width="18px">
<img height="18px" src="http://empiremktxgjovhm.onion/public/image/xmr_small.png" width="18px">
</img></img></img></p>
</div>
</div>
<div class="col-1search">
<a href="http://empiremktxgjovhm.onion/product/42791/75/213567">
<div class="col-1search-img">
<img alt="" src="http://empiremktxgjovhm.onion/public/uploads/2019/06/09/1560052110cuXmtGdVCYZrkr3qeC5x-100_100.jpg"/>
<!--<img src="">-->
</div>
</a>
<div class="col-1centre">
<div class="head">
<a href="http://empiremktxgjovhm.onion/product/42791/75/213567">(!!!SALE!!!) 1OZ - Fruity Pebbles (AAA++ | Super Stable | 80%+)</a>
<p class="padp">Item # 42791 - Cannabis &amp; Hashish /
							   Concentrates - <a href="http://empiremktxgjovhm.onion/u/HumboldtGrower">HumboldtGrower</a> (5613)</p>
<br/>
<b>Views:</b> 22148 / <b>Sales:</b> 1386 <br/>
<b>Quantity left:</b> Unlimited							   
							   							   
                           </div>
</div>
<div class="col-1right">
<b>Buy Price</b>
<p class="bold padp">USD <a>290.00</a></p>
<p class="padp">(0.035061 BTC)</p>
<p class="padp">
<img height="18px" src="http://empiremktxgjovhm.onion/public/image/btc_small.png" width="18px">
<img height="18px" src="http://empiremktxgjovhm.onion/public/image/ltc_small.png" width="18px">
<img height="18px" src="http://empiremktxgjovhm.onion/public/image/xmr_small.png" width="18px">
</img></img></img></p>
</div>
</div>
<div class="col-1search">
<a href="http://empiremktxgjovhm.onion/product/25034/83/148671">
<div class="col-1search-img">
<img src="http://empiremktxgjovhm.onion/public/uploads/default.png"/>
<!--<img src="">-->
</div>
</a>
<div class="col-1centre">
<div class="head">
<a href="http://empiremktxgjovhm.onion/product/25034/83/148671">[WEEK DEAL] ðŸ”¥ðŸ‡¬ðŸ‡§â˜…S-KETAMINE 78%â˜… UK-EU ||| 2.5-14GR | 12GBP A GRAMðŸ”¥ðŸ‡¬ðŸ‡§ + 2.5GR F</a>
<p class="padp">Item # 25034 - Dissociatives /
							   Ketamine - <a href="http://empiremktxgjovhm.onion/u/drugsUK">drugsUK</a> (8139)</p>
<br/>
<b>Views:</b> 19512 / <b>Sales:</b> 1233 <br/>
<b>Quantity left:</b> Unlimited							   
							   							   
                           </div>
</div>
<div class="col-1right">
<b>Buy Price</b>
<p class="bold padp">USD <a>6.27</a></p>
<p class="padp">(0.000758 BTC)</p>
<p class="padp">
<img height="18px" src="http://empiremktxgjovhm.onion/public/image/btc_small.png" width="18px">
</img></p>
</div>
</div>
<div class="col-1search">
<a href="http://empiremktxgjovhm.onion/product/19528/105/42601">
<div class="col-1search-img">
<img alt="" src="http://empiremktxgjovhm.onion/public/uploads/2019/04/04/15543280216kUF5ovDUeuw5QL6Puht-100_100.jpg"/>
<!--<img src="">-->
</div>
</a>
<div class="col-1centre">
<div class="head">
<a href="http://empiremktxgjovhm.onion/product/19528/105/42601">** PERUVIAN COKE ** 3.5g | Â£185.00 ** FREE-UK-NDD -</a>
<p class="padp">Item # 19528 - Stimulants /
							   Cocaine - <a href="http://empiremktxgjovhm.onion/u/VanillaSurf">VanillaSurf</a> (8123)</p>
<br/>
<b>Views:</b> 13941 / <b>Sales:</b> 1189 <br/>
<b>Quantity left:</b> Unlimited							   
							   							   
                           </div>
</div>
<div class="col-1right">
<b>Buy Price</b>
<p class="bold padp">USD <a>232.06</a></p>
<p class="padp">(0.028056 BTC)</p>
<p class="padp">
<img height="18px" src="http://empiremktxgjovhm.onion/public/image/btc_small.png" width="18px">
<img height="18px" src="http://empiremktxgjovhm.onion/public/image/ltc_small.png" width="18px">
<img height="18px" src="http://empiremktxgjovhm.onion/public/image/xmr_small.png" width="18px">
</img></img></img></p>
</div>
</div>
<div class="col-1search">
<a href="http://empiremktxgjovhm.onion/product/19527/105/42601">
<div class="col-1search-img">
<img alt="" src="http://empiremktxgjovhm.onion/public/uploads/2019/01/10/1547046342ySBYB12EOR04D5jdezAI-100_100.jpg"/>
<!--<img src="">-->
</div>
</a>
<div class="col-1centre">
<div class="head">
<a href="http://empiremktxgjovhm.onion/product/19527/105/42601">** PERUVIAN COKE ** 1g | Â£70.00** FREE NDD+STEALTH</a>
<p class="padp">Item # 19527 - Stimulants /
							   Cocaine - <a href="http://empiremktxgjovhm.onion/u/VanillaSurf">VanillaSurf</a> (8123)</p>
<br/>
<b>Views:</b> 12474 / <b>Sales:</b> 1148 <br/>
<b>Quantity left:</b> Unlimited							   
							   							   
                           </div>
</div>
<div class="col-1right">
<b>Buy Price</b>
<p class="bold padp">USD <a>87.81</a></p>
<p class="padp">(0.010616 BTC)</p>
<p class="padp">
<img height="18px" src="http://empiremktxgjovhm.onion/public/image/btc_small.png" width="18px">
<img height="18px" src="http://empiremktxgjovhm.onion/public/image/ltc_small.png" width="18px">
<img height="18px" src="http://empiremktxgjovhm.onion/public/image/xmr_small.png" width="18px">
</img></img></img></p>
</div>
</div>
<div class="col-1search">
<a href="http://empiremktxgjovhm.onion/product/24345/88/147434">
<div class="col-1search-img">
<img alt="" src="http://empiremktxgjovhm.onion/public/uploads/2019/03/29/1553799322yq56UIti5e9Yh9e6oOP2-100_100.jpg"/>
<!--<img src="">-->
</div>
</a>
<div class="col-1centre">
<div class="head">
<a href="http://empiremktxgjovhm.onion/product/24345/88/147434">Dutch Import MDMA 90% 1g FREE UK NDD</a>
<p class="padp">Item # 24345 - Ecstasy /
							   MDMA - <a href="http://empiremktxgjovhm.onion/u/NextGeneration">NextGeneration</a> (13697)</p>
<br/>
<b>Views:</b> 9522 / <b>Sales:</b> 1145 <br/>
<b>Quantity left:</b> Unlimited							   
							   							   
                           </div>
</div>
<div class="col-1right">
<b>Buy Price</b>
<p class="bold padp">USD <a>13.80</a></p>
<p class="padp">(0.001668 BTC)</p>
<p class="padp">
<img height="18px" src="http://empiremktxgjovhm.onion/public/image/btc_small.png" width="18px">
<img height="18px" src="http://empiremktxgjovhm.onion/public/image/ltc_small.png" width="18px">
<img height="18px" src="http://empiremktxgjovhm.onion/public/image/xmr_small.png" width="18px">
</img></img></img></p>
</div>
</div>
<div class="col-1search">
<a href="http://empiremktxgjovhm.onion/product/44087/105/150285">
<div class="col-1search-img">
<img alt="" src="http://empiremktxgjovhm.onion/public/uploads/2019/10/09/1570599133WpMwwnfkT8n8wDQ0PqMo-100_100.jpg"/>
<!--<img src="">-->
</div>
</a>
<div class="col-1centre">
<div class="head">
<a href="http://empiremktxgjovhm.onion/product/44087/105/150285">3.5 grams Cocaine - Uncut from the Brick</a>
<p class="padp">Item # 44087 - Stimulants /
							   Cocaine - <a href="http://empiremktxgjovhm.onion/u/Insta">Insta</a> (3497)</p>
<br/>
<b>Views:</b> 9794 / <b>Sales:</b> 1137 <br/>
<b>Quantity left:</b> Unlimited							   
							   							   
                           </div>
</div>
<div class="col-1right">
<b>Buy Price</b>
<p class="bold padp">USD <a>200.00</a></p>
<p class="padp">(0.024180 BTC)</p>
<p class="padp">
<img height="18px" src="http://empiremktxgjovhm.onion/public/image/btc_small.png" width="18px">
<img height="18px" src="http://empiremktxgjovhm.onion/public/image/ltc_small.png" width="18px">
<img height="18px" src="http://empiremktxgjovhm.onion/public/image/xmr_small.png" width="18px">
</img></img></img></p>
</div>
</div>
<ul class="pagination"><li><a data-ci-pagination-page="1" href="http://empiremktxgjovhm.onion/category/categories/2" rel="start">First</a></li><li><a data-ci-pagination-page="17" href="http://empiremktxgjovhm.onion/category/categories/2/240" rel="prev">&lt;&lt;</a></li><li><a data-ci-pagination-page="16" href="http://empiremktxgjovhm.onion/category/categories/2/225">16</a></li><li><a data-ci-pagination-page="17" href="http://empiremktxgjovhm.onion/category/categories/2/240">17</a></li><strong>18</strong><li><a data-ci-pagination-page="19" href="http://empiremktxgjovhm.onion/category/categories/2/270">19</a></li><li><a data-ci-pagination-page="20" href="http://empiremktxgjovhm.onion/category/categories/2/285">20</a></li><li><a data-ci-pagination-page="19" href="http://empiremktxgjovhm.onion/category/categories/2/270" rel="next">&gt;&gt;</a></li><li><a data-ci-pagination-page="2501" href="http://empiremktxgjovhm.onion/category/categories/2/37500">Last</a></li></ul>
</div>


<div class="footer">
<p><font size="1">
<span style="float:right;">
	Server time: Monday, Oct 14, 2019 21:36:09	</span>
<span style="float:left;">Copyright Â© 2019 Empire Market empiremktxgjovhm.onion</span> </font><br>
</br></p>
</div>





[scrape()]web_response: <Response [200]>


[scrape()]parsing_time: 175.2856321334839


[scrape()]search_result_url: http://empiremktxgjovhm.onion/category/categories/2/255


[scrape()]time_of_last_response: 1571056812.1967733


[scrape()]self: <src.empire.scrape.EmpireScrapingSession object at 0x7f558929d898>


[_scrape_listing()]existing_seller_observation: None


[_scrape_listing()]listing_observation: <src.models.listing_observation.ListingObservation object at 0x7f5552eb67b8>


[_scrape_listing()]existing_listing_observation: None


[_scrape_listing()]is_new_seller: True


[_scrape_listing()]seller: <src.models.seller.Seller object at 0x7f5556bc7240>


[_scrape_listing()]existing_seller: None


[_scrape_listing()]cookie: cookie: ab=1cc735432450e28fa3333f2904cd5ae3; shop=honvvjbihp5lupq8jjrnains6dpsbmku


[_scrape_listing()]parsing_time: 175.2856321334839


[_scrape_listing()]xmr_rate: 53.38


[_scrape_listing()]ltc_rate: 56.86


[_scrape_listing()]btc_rate: 8271.40


[_scrape_listing()]is_sticky: False


[_scrape_listing()]product_page_url: http://empiremktxgjovhm.onion/product/44085/105/150285


[_scrape_listing()]seller_url: http://empiremktxgjovhm.onion/u/Insta


[_scrape_listing()]seller_name: Insta


[_scrape_listing()]title: 1 gram Cocaine - Uncut from the Brick


[_scrape_listing()]self: <src.empire.scrape.EmpireScrapingSession object at 0x7f558929d898>


[_scrape_seller()]seller_name: Insta


[_scrape_seller()]soup_html: <html>
<head><title>502 Bad Gateway</title></head>
<body>
<center><h1>502 Bad Gateway</h1></center>
<hr/><center>nginx</center>
</body>
</html>



[_scrape_seller()]web_response: <Response [502]>


[_scrape_seller()]is_new_seller: True


[_scrape_seller()]seller: <src.models.seller.Seller object at 0x7f5556bc7240>


[_scrape_seller()]seller_url: http://empiremktxgjovhm.onion/u/Insta


[_scrape_seller()]self: <src.empire.scrape.EmpireScrapingSession object at 0x7f558929d898>


[get_seller_about_description()]tab_content_divs: []


[get_seller_about_description()]seller_name: Insta


[get_seller_about_description()]soup_html: <html>
<head><title>502 Bad Gateway</title></head>
<body>
<center><h1>502 Bad Gateway</h1></center>
<hr/><center>nginx</center>
</body>
</html>



db_session: <sqlalchemy.orm.session.Session object at 0x7f558a656278>


username: using_python5


password: Password123!


thread_id: 2


nr_of_threads: 5


anti_captcha_control: <python3_anticaptcha.AntiCaptchaControl.AntiCaptchaControl object at 0x7f558a656320>


headers: {'User-Agent': 'Mozilla/5.0 (Windows NT 6.1; rv:60.0) Gecko/20100101 Firefox/60.0', 'Accept': 'text/html,application/xhtml+xml,application/xml;q=0.9,*/*;q=0.8', 'Accept-Language': 'en-US,en;q=0.5', 'Accept-Encoding': 'gzip, deflate', 'Connection': 'keep-alive', 'Upgrade-Insecure-Requests': '1', 'Host': 'empiremktxgjovhm.onion', 'Referer': 'http://empiremktxgjovhm.onion/login'}


queue: <multiprocessing.queues.Queue object at 0x7f5590ebecf8>


market_id: EMPIRE_MARKET


start_time: 1571054977.3124409


duplicates_this_session: 1


web_session: <requests.sessions.Session object at 0x7f55885adf28>


initial_queue_size: 3801


session: <src.models.scraping_session.ScrapingSession object at 0x7f5588195908>


session_id: 5


logged_out_exceptions: 0